{"C:\\Users\\fusyr\\Documents\\Riccardo\\Uni\\3 Semestre\\Ingegneria del software\\ProgettoIS2022\\MaterialeD4\\Frontend_grafica2.0\\server.js": {"path":"C:\\Users\\fusyr\\Documents\\Riccardo\\Uni\\3 Semestre\\Ingegneria del software\\ProgettoIS2022\\MaterialeD4\\Frontend_grafica2.0\\server.js","statementMap":{"0":{"start":{"line":1,"column":15},"end":{"line":1,"column":41}},"1":{"start":{"line":2,"column":16},"end":{"line":2,"column":34}},"2":{"start":{"line":3,"column":12},"end":{"line":3,"column":21}},"3":{"start":{"line":4,"column":13},"end":{"line":4,"column":28}},"4":{"start":{"line":8,"column":15},"end":{"line":8,"column":41}},"5":{"start":{"line":10,"column":0},"end":{"line":10,"column":24}},"6":{"start":{"line":11,"column":0},"end":{"line":11,"column":48}},"7":{"start":{"line":12,"column":0},"end":{"line":12,"column":54}},"8":{"start":{"line":21,"column":0},"end":{"line":24,"column":2}},"9":{"start":{"line":22,"column":4},"end":{"line":22,"column":56}},"10":{"start":{"line":23,"column":4},"end":{"line":23,"column":10}},"11":{"start":{"line":28,"column":0},"end":{"line":30,"column":3}},"12":{"start":{"line":29,"column":4},"end":{"line":29,"column":59}},"13":{"start":{"line":32,"column":0},"end":{"line":34,"column":3}},"14":{"start":{"line":33,"column":4},"end":{"line":33,"column":59}},"15":{"start":{"line":36,"column":0},"end":{"line":38,"column":2}},"16":{"start":{"line":37,"column":4},"end":{"line":37,"column":67}},"17":{"start":{"line":40,"column":0},"end":{"line":42,"column":2}},"18":{"start":{"line":41,"column":4},"end":{"line":41,"column":74}},"19":{"start":{"line":44,"column":0},"end":{"line":46,"column":2}},"20":{"start":{"line":45,"column":4},"end":{"line":45,"column":67}},"21":{"start":{"line":48,"column":0},"end":{"line":50,"column":2}},"22":{"start":{"line":49,"column":4},"end":{"line":49,"column":70}},"23":{"start":{"line":52,"column":0},"end":{"line":54,"column":3}},"24":{"start":{"line":53,"column":4},"end":{"line":53,"column":62}},"25":{"start":{"line":56,"column":0},"end":{"line":58,"column":3}},"26":{"start":{"line":57,"column":4},"end":{"line":57,"column":66}},"27":{"start":{"line":60,"column":0},"end":{"line":62,"column":3}},"28":{"start":{"line":61,"column":4},"end":{"line":61,"column":60}},"29":{"start":{"line":64,"column":0},"end":{"line":66,"column":3}},"30":{"start":{"line":65,"column":4},"end":{"line":65,"column":61}},"31":{"start":{"line":68,"column":18},"end":{"line":68,"column":47}},"32":{"start":{"line":69,"column":18},"end":{"line":69,"column":43}},"33":{"start":{"line":72,"column":0},"end":{"line":76,"column":2}},"34":{"start":{"line":79,"column":0},"end":{"line":82,"column":3}},"35":{"start":{"line":80,"column":4},"end":{"line":80,"column":20}},"36":{"start":{"line":81,"column":4},"end":{"line":81,"column":35}},"37":{"start":{"line":84,"column":17},"end":{"line":86,"column":2}},"38":{"start":{"line":85,"column":4},"end":{"line":85,"column":77}},"39":{"start":{"line":89,"column":30},"end":{"line":89,"column":49}},"40":{"start":{"line":90,"column":16},"end":{"line":90,"column":43}},"41":{"start":{"line":93,"column":0},"end":{"line":100,"column":2}},"42":{"start":{"line":97,"column":8},"end":{"line":97,"column":52}},"43":{"start":{"line":97,"column":17},"end":{"line":97,"column":52}},"44":{"start":{"line":98,"column":8},"end":{"line":98,"column":93}},"45":{"start":{"line":102,"column":0},"end":{"line":102,"column":26}}},"fnMap":{"0":{"name":"(anonymous_0)","decl":{"start":{"line":21,"column":8},"end":{"line":21,"column":9}},"loc":{"start":{"line":21,"column":28},"end":{"line":24,"column":1}},"line":21},"1":{"name":"(anonymous_1)","decl":{"start":{"line":28,"column":13},"end":{"line":28,"column":14}},"loc":{"start":{"line":28,"column":32},"end":{"line":30,"column":1}},"line":28},"2":{"name":"(anonymous_2)","decl":{"start":{"line":32,"column":18},"end":{"line":32,"column":19}},"loc":{"start":{"line":32,"column":37},"end":{"line":34,"column":1}},"line":32},"3":{"name":"(anonymous_3)","decl":{"start":{"line":36,"column":26},"end":{"line":36,"column":27}},"loc":{"start":{"line":36,"column":44},"end":{"line":38,"column":1}},"line":36},"4":{"name":"(anonymous_4)","decl":{"start":{"line":40,"column":33},"end":{"line":40,"column":34}},"loc":{"start":{"line":40,"column":51},"end":{"line":42,"column":1}},"line":40},"5":{"name":"(anonymous_5)","decl":{"start":{"line":44,"column":19},"end":{"line":44,"column":20}},"loc":{"start":{"line":44,"column":37},"end":{"line":46,"column":1}},"line":44},"6":{"name":"(anonymous_6)","decl":{"start":{"line":48,"column":22},"end":{"line":48,"column":23}},"loc":{"start":{"line":48,"column":40},"end":{"line":50,"column":1}},"line":48},"7":{"name":"(anonymous_7)","decl":{"start":{"line":52,"column":21},"end":{"line":52,"column":22}},"loc":{"start":{"line":52,"column":40},"end":{"line":54,"column":1}},"line":52},"8":{"name":"(anonymous_8)","decl":{"start":{"line":56,"column":25},"end":{"line":56,"column":26}},"loc":{"start":{"line":56,"column":44},"end":{"line":58,"column":1}},"line":56},"9":{"name":"(anonymous_9)","decl":{"start":{"line":60,"column":19},"end":{"line":60,"column":20}},"loc":{"start":{"line":60,"column":38},"end":{"line":62,"column":1}},"line":60},"10":{"name":"(anonymous_10)","decl":{"start":{"line":64,"column":20},"end":{"line":64,"column":21}},"loc":{"start":{"line":64,"column":39},"end":{"line":66,"column":1}},"line":64},"11":{"name":"(anonymous_11)","decl":{"start":{"line":79,"column":8},"end":{"line":79,"column":9}},"loc":{"start":{"line":79,"column":22},"end":{"line":82,"column":1}},"line":79},"12":{"name":"(anonymous_12)","decl":{"start":{"line":84,"column":55},"end":{"line":84,"column":56}},"loc":{"start":{"line":84,"column":60},"end":{"line":86,"column":1}},"line":84},"13":{"name":"(anonymous_13)","decl":{"start":{"line":96,"column":4},"end":{"line":96,"column":5}},"loc":{"start":{"line":96,"column":13},"end":{"line":99,"column":5}},"line":96}},"branchMap":{"0":{"loc":{"start":{"line":84,"column":28},"end":{"line":84,"column":52}},"type":"binary-expr","locations":[{"start":{"line":84,"column":28},"end":{"line":84,"column":44}},{"start":{"line":84,"column":48},"end":{"line":84,"column":52}}],"line":84},"1":{"loc":{"start":{"line":97,"column":8},"end":{"line":97,"column":52}},"type":"if","locations":[{"start":{"line":97,"column":8},"end":{"line":97,"column":52}},{"start":{},"end":{}}],"line":97}},"s":{"0":2,"1":2,"2":2,"3":2,"4":2,"5":2,"6":2,"7":2,"8":2,"9":0,"10":0,"11":2,"12":0,"13":2,"14":0,"15":2,"16":0,"17":2,"18":0,"19":2,"20":0,"21":2,"22":0,"23":2,"24":0,"25":2,"26":0,"27":2,"28":0,"29":2,"30":0,"31":2,"32":2,"33":2,"34":2,"35":0,"36":0,"37":2,"38":2,"39":2,"40":2,"41":2,"42":2,"43":0,"44":2,"45":2},"f":{"0":0,"1":0,"2":0,"3":0,"4":0,"5":0,"6":0,"7":0,"8":0,"9":0,"10":0,"11":0,"12":2,"13":2},"b":{"0":[2,0],"1":[0,2]},"_coverageSchema":"1a1c01bbd47fc00a2c39e90264f33305004495a9","hash":"e7a6c0154f23d526bcfec801e13b561eb4da03cf"}
,"C:\\Users\\fusyr\\Documents\\Riccardo\\Uni\\3 Semestre\\Ingegneria del software\\ProgettoIS2022\\MaterialeD4\\Frontend_grafica2.0\\controllers\\announcement.js": {"path":"C:\\Users\\fusyr\\Documents\\Riccardo\\Uni\\3 Semestre\\Ingegneria del software\\ProgettoIS2022\\MaterialeD4\\Frontend_grafica2.0\\controllers\\announcement.js","statementMap":{"0":{"start":{"line":1,"column":21},"end":{"line":1,"column":54}},"1":{"start":{"line":2,"column":16},"end":{"line":2,"column":44}},"2":{"start":{"line":4,"column":34},"end":{"line":9,"column":1}},"3":{"start":{"line":5,"column":4},"end":{"line":8,"column":6}},"4":{"start":{"line":6,"column":8},"end":{"line":6,"column":63}},"5":{"start":{"line":6,"column":25},"end":{"line":6,"column":63}},"6":{"start":{"line":7,"column":8},"end":{"line":7,"column":30}},"7":{"start":{"line":11,"column":24},"end":{"line":76,"column":1}},"8":{"start":{"line":12,"column":16},"end":{"line":12,"column":30}},"9":{"start":{"line":13,"column":16},"end":{"line":13,"column":30}},"10":{"start":{"line":14,"column":19},"end":{"line":14,"column":36}},"11":{"start":{"line":15,"column":19},"end":{"line":15,"column":36}},"12":{"start":{"line":16,"column":14},"end":{"line":16,"column":26}},"13":{"start":{"line":17,"column":16},"end":{"line":17,"column":30}},"14":{"start":{"line":18,"column":15},"end":{"line":18,"column":28}},"15":{"start":{"line":19,"column":4},"end":{"line":21,"column":5}},"16":{"start":{"line":20,"column":8},"end":{"line":20,"column":70}},"17":{"start":{"line":22,"column":4},"end":{"line":24,"column":5}},"18":{"start":{"line":23,"column":8},"end":{"line":23,"column":68}},"19":{"start":{"line":25,"column":4},"end":{"line":27,"column":5}},"20":{"start":{"line":26,"column":8},"end":{"line":26,"column":72}},"21":{"start":{"line":28,"column":4},"end":{"line":30,"column":5}},"22":{"start":{"line":29,"column":8},"end":{"line":29,"column":68}},"23":{"start":{"line":31,"column":4},"end":{"line":35,"column":5}},"24":{"start":{"line":32,"column":8},"end":{"line":32,"column":60}},"25":{"start":{"line":33,"column":10},"end":{"line":35,"column":5}},"26":{"start":{"line":34,"column":8},"end":{"line":34,"column":62}},"27":{"start":{"line":36,"column":4},"end":{"line":38,"column":5}},"28":{"start":{"line":37,"column":8},"end":{"line":37,"column":59}},"29":{"start":{"line":39,"column":4},"end":{"line":41,"column":5}},"30":{"start":{"line":40,"column":8},"end":{"line":40,"column":60}},"31":{"start":{"line":42,"column":4},"end":{"line":44,"column":5}},"32":{"start":{"line":43,"column":8},"end":{"line":43,"column":58}},"33":{"start":{"line":45,"column":4},"end":{"line":75,"column":6}},"34":{"start":{"line":46,"column":8},"end":{"line":74,"column":9}},"35":{"start":{"line":47,"column":36},"end":{"line":66,"column":14}},"36":{"start":{"line":67,"column":12},"end":{"line":70,"column":14}},"37":{"start":{"line":68,"column":16},"end":{"line":68,"column":71}},"38":{"start":{"line":68,"column":33},"end":{"line":68,"column":71}},"39":{"start":{"line":69,"column":16},"end":{"line":69,"column":50}},"40":{"start":{"line":72,"column":12},"end":{"line":72,"column":67}},"41":{"start":{"line":72,"column":29},"end":{"line":72,"column":67}},"42":{"start":{"line":73,"column":12},"end":{"line":73,"column":50}},"43":{"start":{"line":79,"column":37},"end":{"line":84,"column":1}},"44":{"start":{"line":80,"column":4},"end":{"line":83,"column":6}},"45":{"start":{"line":81,"column":8},"end":{"line":81,"column":54}},"46":{"start":{"line":81,"column":16},"end":{"line":81,"column":54}},"47":{"start":{"line":82,"column":8},"end":{"line":82,"column":42}},"48":{"start":{"line":87,"column":27},"end":{"line":94,"column":1}},"49":{"start":{"line":88,"column":21},"end":{"line":88,"column":41}},"50":{"start":{"line":90,"column":4},"end":{"line":93,"column":6}},"51":{"start":{"line":91,"column":8},"end":{"line":91,"column":83}},"52":{"start":{"line":91,"column":25},"end":{"line":91,"column":83}},"53":{"start":{"line":92,"column":8},"end":{"line":92,"column":30}},"54":{"start":{"line":96,"column":29},"end":{"line":103,"column":1}},"55":{"start":{"line":97,"column":21},"end":{"line":97,"column":41}},"56":{"start":{"line":99,"column":4},"end":{"line":102,"column":6}},"57":{"start":{"line":100,"column":8},"end":{"line":100,"column":83}},"58":{"start":{"line":100,"column":25},"end":{"line":100,"column":83}},"59":{"start":{"line":101,"column":8},"end":{"line":101,"column":41}},"60":{"start":{"line":105,"column":21},"end":{"line":120,"column":1}},"61":{"start":{"line":106,"column":21},"end":{"line":106,"column":41}},"62":{"start":{"line":108,"column":16},"end":{"line":108,"column":31}},"63":{"start":{"line":110,"column":4},"end":{"line":112,"column":6}},"64":{"start":{"line":111,"column":8},"end":{"line":111,"column":78}},"65":{"start":{"line":111,"column":25},"end":{"line":111,"column":78}},"66":{"start":{"line":114,"column":4},"end":{"line":119,"column":6}},"67":{"start":{"line":115,"column":8},"end":{"line":115,"column":83}},"68":{"start":{"line":115,"column":25},"end":{"line":115,"column":83}},"69":{"start":{"line":116,"column":8},"end":{"line":116,"column":55}},"70":{"start":{"line":117,"column":8},"end":{"line":117,"column":20}},"71":{"start":{"line":118,"column":8},"end":{"line":118,"column":30}},"72":{"start":{"line":122,"column":0},"end":{"line":129,"column":2}}},"fnMap":{"0":{"name":"(anonymous_0)","decl":{"start":{"line":4,"column":34},"end":{"line":4,"column":35}},"loc":{"start":{"line":4,"column":54},"end":{"line":9,"column":1}},"line":4},"1":{"name":"(anonymous_1)","decl":{"start":{"line":5,"column":56},"end":{"line":5,"column":57}},"loc":{"start":{"line":5,"column":71},"end":{"line":8,"column":5}},"line":5},"2":{"name":"(anonymous_2)","decl":{"start":{"line":11,"column":24},"end":{"line":11,"column":25}},"loc":{"start":{"line":11,"column":44},"end":{"line":76,"column":1}},"line":11},"3":{"name":"(anonymous_3)","decl":{"start":{"line":45,"column":61},"end":{"line":45,"column":62}},"loc":{"start":{"line":45,"column":76},"end":{"line":75,"column":5}},"line":45},"4":{"name":"(anonymous_4)","decl":{"start":{"line":67,"column":33},"end":{"line":67,"column":34}},"loc":{"start":{"line":67,"column":48},"end":{"line":70,"column":13}},"line":67},"5":{"name":"(anonymous_5)","decl":{"start":{"line":79,"column":37},"end":{"line":79,"column":38}},"loc":{"start":{"line":79,"column":57},"end":{"line":84,"column":1}},"line":79},"6":{"name":"(anonymous_6)","decl":{"start":{"line":80,"column":62},"end":{"line":80,"column":63}},"loc":{"start":{"line":80,"column":77},"end":{"line":83,"column":5}},"line":80},"7":{"name":"(anonymous_7)","decl":{"start":{"line":87,"column":27},"end":{"line":87,"column":28}},"loc":{"start":{"line":87,"column":47},"end":{"line":94,"column":1}},"line":87},"8":{"name":"(anonymous_8)","decl":{"start":{"line":90,"column":52},"end":{"line":90,"column":53}},"loc":{"start":{"line":90,"column":67},"end":{"line":93,"column":5}},"line":90},"9":{"name":"(anonymous_9)","decl":{"start":{"line":96,"column":29},"end":{"line":96,"column":30}},"loc":{"start":{"line":96,"column":49},"end":{"line":103,"column":1}},"line":96},"10":{"name":"(anonymous_10)","decl":{"start":{"line":99,"column":52},"end":{"line":99,"column":53}},"loc":{"start":{"line":99,"column":67},"end":{"line":102,"column":5}},"line":99},"11":{"name":"(anonymous_11)","decl":{"start":{"line":105,"column":21},"end":{"line":105,"column":22}},"loc":{"start":{"line":105,"column":41},"end":{"line":120,"column":1}},"line":105},"12":{"name":"(anonymous_12)","decl":{"start":{"line":110,"column":37},"end":{"line":110,"column":38}},"loc":{"start":{"line":110,"column":52},"end":{"line":112,"column":5}},"line":110},"13":{"name":"(anonymous_13)","decl":{"start":{"line":114,"column":52},"end":{"line":114,"column":53}},"loc":{"start":{"line":114,"column":67},"end":{"line":119,"column":5}},"line":114}},"branchMap":{"0":{"loc":{"start":{"line":6,"column":8},"end":{"line":6,"column":63}},"type":"if","locations":[{"start":{"line":6,"column":8},"end":{"line":6,"column":63}},{"start":{},"end":{}}],"line":6},"1":{"loc":{"start":{"line":6,"column":11},"end":{"line":6,"column":23}},"type":"binary-expr","locations":[{"start":{"line":6,"column":11},"end":{"line":6,"column":14}},{"start":{"line":6,"column":18},"end":{"line":6,"column":23}}],"line":6},"2":{"loc":{"start":{"line":19,"column":4},"end":{"line":21,"column":5}},"type":"if","locations":[{"start":{"line":19,"column":4},"end":{"line":21,"column":5}},{"start":{},"end":{}}],"line":19},"3":{"loc":{"start":{"line":19,"column":7},"end":{"line":19,"column":30}},"type":"binary-expr","locations":[{"start":{"line":19,"column":7},"end":{"line":19,"column":16}},{"start":{"line":19,"column":20},"end":{"line":19,"column":30}}],"line":19},"4":{"loc":{"start":{"line":22,"column":4},"end":{"line":24,"column":5}},"type":"if","locations":[{"start":{"line":22,"column":4},"end":{"line":24,"column":5}},{"start":{},"end":{}}],"line":22},"5":{"loc":{"start":{"line":22,"column":7},"end":{"line":22,"column":30}},"type":"binary-expr","locations":[{"start":{"line":22,"column":7},"end":{"line":22,"column":16}},{"start":{"line":22,"column":20},"end":{"line":22,"column":30}}],"line":22},"6":{"loc":{"start":{"line":25,"column":4},"end":{"line":27,"column":5}},"type":"if","locations":[{"start":{"line":25,"column":4},"end":{"line":27,"column":5}},{"start":{},"end":{}}],"line":25},"7":{"loc":{"start":{"line":25,"column":7},"end":{"line":25,"column":36}},"type":"binary-expr","locations":[{"start":{"line":25,"column":7},"end":{"line":25,"column":19}},{"start":{"line":25,"column":23},"end":{"line":25,"column":36}}],"line":25},"8":{"loc":{"start":{"line":28,"column":4},"end":{"line":30,"column":5}},"type":"if","locations":[{"start":{"line":28,"column":4},"end":{"line":30,"column":5}},{"start":{},"end":{}}],"line":28},"9":{"loc":{"start":{"line":28,"column":7},"end":{"line":28,"column":36}},"type":"binary-expr","locations":[{"start":{"line":28,"column":7},"end":{"line":28,"column":19}},{"start":{"line":28,"column":23},"end":{"line":28,"column":36}}],"line":28},"10":{"loc":{"start":{"line":31,"column":4},"end":{"line":35,"column":5}},"type":"if","locations":[{"start":{"line":31,"column":4},"end":{"line":35,"column":5}},{"start":{"line":33,"column":10},"end":{"line":35,"column":5}}],"line":31},"11":{"loc":{"start":{"line":33,"column":10},"end":{"line":35,"column":5}},"type":"if","locations":[{"start":{"line":33,"column":10},"end":{"line":35,"column":5}},{"start":{},"end":{}}],"line":33},"12":{"loc":{"start":{"line":33,"column":13},"end":{"line":33,"column":50}},"type":"binary-expr","locations":[{"start":{"line":33,"column":13},"end":{"line":33,"column":27}},{"start":{"line":33,"column":31},"end":{"line":33,"column":50}}],"line":33},"13":{"loc":{"start":{"line":36,"column":4},"end":{"line":38,"column":5}},"type":"if","locations":[{"start":{"line":36,"column":4},"end":{"line":38,"column":5}},{"start":{},"end":{}}],"line":36},"14":{"loc":{"start":{"line":39,"column":4},"end":{"line":41,"column":5}},"type":"if","locations":[{"start":{"line":39,"column":4},"end":{"line":41,"column":5}},{"start":{},"end":{}}],"line":39},"15":{"loc":{"start":{"line":39,"column":7},"end":{"line":39,"column":30}},"type":"binary-expr","locations":[{"start":{"line":39,"column":7},"end":{"line":39,"column":16}},{"start":{"line":39,"column":20},"end":{"line":39,"column":30}}],"line":39},"16":{"loc":{"start":{"line":42,"column":4},"end":{"line":44,"column":5}},"type":"if","locations":[{"start":{"line":42,"column":4},"end":{"line":44,"column":5}},{"start":{},"end":{}}],"line":42},"17":{"loc":{"start":{"line":42,"column":7},"end":{"line":42,"column":26}},"type":"binary-expr","locations":[{"start":{"line":42,"column":7},"end":{"line":42,"column":14}},{"start":{"line":42,"column":18},"end":{"line":42,"column":26}}],"line":42},"18":{"loc":{"start":{"line":46,"column":8},"end":{"line":74,"column":9}},"type":"if","locations":[{"start":{"line":46,"column":8},"end":{"line":74,"column":9}},{"start":{"line":71,"column":13},"end":{"line":74,"column":9}}],"line":46},"19":{"loc":{"start":{"line":68,"column":16},"end":{"line":68,"column":71}},"type":"if","locations":[{"start":{"line":68,"column":16},"end":{"line":68,"column":71}},{"start":{},"end":{}}],"line":68},"20":{"loc":{"start":{"line":68,"column":19},"end":{"line":68,"column":31}},"type":"binary-expr","locations":[{"start":{"line":68,"column":19},"end":{"line":68,"column":22}},{"start":{"line":68,"column":26},"end":{"line":68,"column":31}}],"line":68},"21":{"loc":{"start":{"line":72,"column":12},"end":{"line":72,"column":67}},"type":"if","locations":[{"start":{"line":72,"column":12},"end":{"line":72,"column":67}},{"start":{},"end":{}}],"line":72},"22":{"loc":{"start":{"line":72,"column":15},"end":{"line":72,"column":27}},"type":"binary-expr","locations":[{"start":{"line":72,"column":15},"end":{"line":72,"column":18}},{"start":{"line":72,"column":22},"end":{"line":72,"column":27}}],"line":72},"23":{"loc":{"start":{"line":81,"column":8},"end":{"line":81,"column":54}},"type":"if","locations":[{"start":{"line":81,"column":8},"end":{"line":81,"column":54}},{"start":{},"end":{}}],"line":81},"24":{"loc":{"start":{"line":91,"column":8},"end":{"line":91,"column":83}},"type":"if","locations":[{"start":{"line":91,"column":8},"end":{"line":91,"column":83}},{"start":{},"end":{}}],"line":91},"25":{"loc":{"start":{"line":91,"column":11},"end":{"line":91,"column":23}},"type":"binary-expr","locations":[{"start":{"line":91,"column":11},"end":{"line":91,"column":14}},{"start":{"line":91,"column":18},"end":{"line":91,"column":23}}],"line":91},"26":{"loc":{"start":{"line":100,"column":8},"end":{"line":100,"column":83}},"type":"if","locations":[{"start":{"line":100,"column":8},"end":{"line":100,"column":83}},{"start":{},"end":{}}],"line":100},"27":{"loc":{"start":{"line":100,"column":11},"end":{"line":100,"column":23}},"type":"binary-expr","locations":[{"start":{"line":100,"column":11},"end":{"line":100,"column":14}},{"start":{"line":100,"column":18},"end":{"line":100,"column":23}}],"line":100},"28":{"loc":{"start":{"line":111,"column":8},"end":{"line":111,"column":78}},"type":"if","locations":[{"start":{"line":111,"column":8},"end":{"line":111,"column":78}},{"start":{},"end":{}}],"line":111},"29":{"loc":{"start":{"line":111,"column":11},"end":{"line":111,"column":23}},"type":"binary-expr","locations":[{"start":{"line":111,"column":11},"end":{"line":111,"column":14}},{"start":{"line":111,"column":18},"end":{"line":111,"column":23}}],"line":111},"30":{"loc":{"start":{"line":115,"column":8},"end":{"line":115,"column":83}},"type":"if","locations":[{"start":{"line":115,"column":8},"end":{"line":115,"column":83}},{"start":{},"end":{}}],"line":115},"31":{"loc":{"start":{"line":115,"column":11},"end":{"line":115,"column":23}},"type":"binary-expr","locations":[{"start":{"line":115,"column":11},"end":{"line":115,"column":14}},{"start":{"line":115,"column":18},"end":{"line":115,"column":23}}],"line":115}},"s":{"0":2,"1":2,"2":2,"3":1,"4":1,"5":0,"6":1,"7":2,"8":1,"9":1,"10":1,"11":1,"12":1,"13":1,"14":1,"15":1,"16":0,"17":1,"18":0,"19":1,"20":0,"21":1,"22":0,"23":1,"24":0,"25":1,"26":0,"27":1,"28":0,"29":1,"30":0,"31":1,"32":0,"33":1,"34":1,"35":0,"36":0,"37":0,"38":0,"39":0,"40":1,"41":0,"42":1,"43":2,"44":1,"45":1,"46":0,"47":1,"48":2,"49":0,"50":0,"51":0,"52":0,"53":0,"54":2,"55":0,"56":0,"57":0,"58":0,"59":0,"60":2,"61":0,"62":0,"63":0,"64":0,"65":0,"66":0,"67":0,"68":0,"69":0,"70":0,"71":0,"72":2},"f":{"0":1,"1":1,"2":1,"3":1,"4":0,"5":1,"6":1,"7":0,"8":0,"9":0,"10":0,"11":0,"12":0,"13":0},"b":{"0":[0,1],"1":[1,1],"2":[0,1],"3":[1,1],"4":[0,1],"5":[1,1],"6":[0,1],"7":[1,1],"8":[0,1],"9":[1,1],"10":[0,1],"11":[0,1],"12":[1,0],"13":[0,1],"14":[0,1],"15":[1,1],"16":[0,1],"17":[1,1],"18":[0,1],"19":[0,0],"20":[0,0],"21":[0,1],"22":[1,1],"23":[0,1],"24":[0,0],"25":[0,0],"26":[0,0],"27":[0,0],"28":[0,0],"29":[0,0],"30":[0,0],"31":[0,0]},"_coverageSchema":"1a1c01bbd47fc00a2c39e90264f33305004495a9","hash":"ad751def22e10de0c70bab92f9717594af74ba9f"}
,"C:\\Users\\fusyr\\Documents\\Riccardo\\Uni\\3 Semestre\\Ingegneria del software\\ProgettoIS2022\\MaterialeD4\\Frontend_grafica2.0\\controllers\\availability.js": {"path":"C:\\Users\\fusyr\\Documents\\Riccardo\\Uni\\3 Semestre\\Ingegneria del software\\ProgettoIS2022\\MaterialeD4\\Frontend_grafica2.0\\controllers\\availability.js","statementMap":{"0":{"start":{"line":1,"column":21},"end":{"line":1,"column":54}},"1":{"start":{"line":3,"column":27},"end":{"line":8,"column":1}},"2":{"start":{"line":4,"column":4},"end":{"line":7,"column":6}},"3":{"start":{"line":5,"column":8},"end":{"line":5,"column":47}},"4":{"start":{"line":5,"column":16},"end":{"line":5,"column":47}},"5":{"start":{"line":6,"column":8},"end":{"line":6,"column":30}},"6":{"start":{"line":10,"column":24},"end":{"line":83,"column":1}},"7":{"start":{"line":11,"column":16},"end":{"line":11,"column":30}},"8":{"start":{"line":12,"column":16},"end":{"line":12,"column":30}},"9":{"start":{"line":13,"column":19},"end":{"line":13,"column":36}},"10":{"start":{"line":14,"column":19},"end":{"line":14,"column":36}},"11":{"start":{"line":15,"column":14},"end":{"line":15,"column":26}},"12":{"start":{"line":16,"column":16},"end":{"line":16,"column":30}},"13":{"start":{"line":17,"column":15},"end":{"line":17,"column":28}},"14":{"start":{"line":18,"column":16},"end":{"line":18,"column":30}},"15":{"start":{"line":19,"column":4},"end":{"line":21,"column":5}},"16":{"start":{"line":20,"column":8},"end":{"line":20,"column":70}},"17":{"start":{"line":22,"column":4},"end":{"line":24,"column":5}},"18":{"start":{"line":23,"column":8},"end":{"line":23,"column":68}},"19":{"start":{"line":25,"column":4},"end":{"line":27,"column":5}},"20":{"start":{"line":26,"column":8},"end":{"line":26,"column":72}},"21":{"start":{"line":28,"column":4},"end":{"line":30,"column":5}},"22":{"start":{"line":29,"column":8},"end":{"line":29,"column":68}},"23":{"start":{"line":31,"column":4},"end":{"line":35,"column":5}},"24":{"start":{"line":32,"column":8},"end":{"line":32,"column":60}},"25":{"start":{"line":33,"column":10},"end":{"line":35,"column":5}},"26":{"start":{"line":34,"column":8},"end":{"line":34,"column":62}},"27":{"start":{"line":36,"column":4},"end":{"line":38,"column":5}},"28":{"start":{"line":37,"column":8},"end":{"line":37,"column":59}},"29":{"start":{"line":39,"column":4},"end":{"line":41,"column":5}},"30":{"start":{"line":40,"column":8},"end":{"line":40,"column":60}},"31":{"start":{"line":42,"column":4},"end":{"line":44,"column":5}},"32":{"start":{"line":43,"column":8},"end":{"line":43,"column":58}},"33":{"start":{"line":45,"column":4},"end":{"line":82,"column":6}},"34":{"start":{"line":56,"column":8},"end":{"line":81,"column":9}},"35":{"start":{"line":57,"column":36},"end":{"line":73,"column":14}},"36":{"start":{"line":74,"column":12},"end":{"line":77,"column":14}},"37":{"start":{"line":75,"column":16},"end":{"line":75,"column":55}},"38":{"start":{"line":75,"column":24},"end":{"line":75,"column":55}},"39":{"start":{"line":76,"column":16},"end":{"line":76,"column":38}},"40":{"start":{"line":79,"column":12},"end":{"line":79,"column":86}},"41":{"start":{"line":79,"column":20},"end":{"line":79,"column":86}},"42":{"start":{"line":80,"column":12},"end":{"line":80,"column":70}},"43":{"start":{"line":86,"column":30},"end":{"line":91,"column":1}},"44":{"start":{"line":87,"column":4},"end":{"line":90,"column":6}},"45":{"start":{"line":88,"column":8},"end":{"line":88,"column":70}},"46":{"start":{"line":88,"column":16},"end":{"line":88,"column":70}},"47":{"start":{"line":89,"column":8},"end":{"line":89,"column":66}},"48":{"start":{"line":94,"column":27},"end":{"line":101,"column":1}},"49":{"start":{"line":95,"column":13},"end":{"line":95,"column":25}},"50":{"start":{"line":97,"column":4},"end":{"line":100,"column":6}},"51":{"start":{"line":98,"column":8},"end":{"line":98,"column":83}},"52":{"start":{"line":98,"column":25},"end":{"line":98,"column":83}},"53":{"start":{"line":99,"column":8},"end":{"line":99,"column":30}},"54":{"start":{"line":104,"column":30},"end":{"line":111,"column":1}},"55":{"start":{"line":105,"column":13},"end":{"line":105,"column":25}},"56":{"start":{"line":107,"column":4},"end":{"line":110,"column":6}},"57":{"start":{"line":108,"column":8},"end":{"line":108,"column":83}},"58":{"start":{"line":108,"column":25},"end":{"line":108,"column":83}},"59":{"start":{"line":109,"column":8},"end":{"line":109,"column":30}},"60":{"start":{"line":113,"column":16},"end":{"line":141,"column":1}},"61":{"start":{"line":114,"column":13},"end":{"line":114,"column":25}},"62":{"start":{"line":116,"column":14},"end":{"line":116,"column":26}},"63":{"start":{"line":117,"column":16},"end":{"line":117,"column":30}},"64":{"start":{"line":118,"column":15},"end":{"line":118,"column":28}},"65":{"start":{"line":119,"column":4},"end":{"line":121,"column":5}},"66":{"start":{"line":120,"column":8},"end":{"line":120,"column":59}},"67":{"start":{"line":122,"column":4},"end":{"line":124,"column":5}},"68":{"start":{"line":123,"column":8},"end":{"line":123,"column":60}},"69":{"start":{"line":125,"column":4},"end":{"line":127,"column":5}},"70":{"start":{"line":126,"column":8},"end":{"line":126,"column":58}},"71":{"start":{"line":129,"column":4},"end":{"line":140,"column":8}},"72":{"start":{"line":136,"column":4},"end":{"line":140,"column":5}},"73":{"start":{"line":137,"column":8},"end":{"line":137,"column":66}},"74":{"start":{"line":139,"column":8},"end":{"line":139,"column":34}},"75":{"start":{"line":143,"column":21},"end":{"line":167,"column":1}},"76":{"start":{"line":144,"column":13},"end":{"line":144,"column":25}},"77":{"start":{"line":146,"column":15},"end":{"line":146,"column":28}},"78":{"start":{"line":147,"column":18},"end":{"line":147,"column":34}},"79":{"start":{"line":150,"column":4},"end":{"line":152,"column":5}},"80":{"start":{"line":151,"column":8},"end":{"line":151,"column":70}},"81":{"start":{"line":153,"column":4},"end":{"line":155,"column":5}},"82":{"start":{"line":154,"column":8},"end":{"line":154,"column":72}},"83":{"start":{"line":156,"column":4},"end":{"line":166,"column":8}},"84":{"start":{"line":162,"column":4},"end":{"line":166,"column":5}},"85":{"start":{"line":163,"column":8},"end":{"line":163,"column":66}},"86":{"start":{"line":165,"column":8},"end":{"line":165,"column":34}},"87":{"start":{"line":169,"column":19},"end":{"line":193,"column":1}},"88":{"start":{"line":170,"column":13},"end":{"line":170,"column":25}},"89":{"start":{"line":172,"column":15},"end":{"line":172,"column":28}},"90":{"start":{"line":173,"column":18},"end":{"line":173,"column":34}},"91":{"start":{"line":176,"column":4},"end":{"line":178,"column":5}},"92":{"start":{"line":177,"column":8},"end":{"line":177,"column":68}},"93":{"start":{"line":179,"column":4},"end":{"line":181,"column":5}},"94":{"start":{"line":180,"column":8},"end":{"line":180,"column":70}},"95":{"start":{"line":182,"column":4},"end":{"line":192,"column":8}},"96":{"start":{"line":188,"column":4},"end":{"line":192,"column":5}},"97":{"start":{"line":189,"column":8},"end":{"line":189,"column":66}},"98":{"start":{"line":191,"column":8},"end":{"line":191,"column":34}},"99":{"start":{"line":195,"column":21},"end":{"line":215,"column":1}},"100":{"start":{"line":196,"column":13},"end":{"line":196,"column":25}},"101":{"start":{"line":198,"column":20},"end":{"line":198,"column":39}},"102":{"start":{"line":199,"column":4},"end":{"line":205,"column":5}},"103":{"start":{"line":204,"column":8},"end":{"line":204,"column":64}},"104":{"start":{"line":207,"column":4},"end":{"line":214,"column":8}},"105":{"start":{"line":210,"column":4},"end":{"line":214,"column":5}},"106":{"start":{"line":211,"column":8},"end":{"line":211,"column":66}},"107":{"start":{"line":213,"column":8},"end":{"line":213,"column":34}},"108":{"start":{"line":217,"column":27},"end":{"line":282,"column":1}},"109":{"start":{"line":218,"column":13},"end":{"line":218,"column":25}},"110":{"start":{"line":220,"column":16},"end":{"line":220,"column":31}},"111":{"start":{"line":221,"column":16},"end":{"line":221,"column":31}},"112":{"start":{"line":222,"column":19},"end":{"line":222,"column":37}},"113":{"start":{"line":223,"column":19},"end":{"line":223,"column":37}},"114":{"start":{"line":224,"column":14},"end":{"line":224,"column":27}},"115":{"start":{"line":225,"column":16},"end":{"line":225,"column":31}},"116":{"start":{"line":226,"column":15},"end":{"line":226,"column":29}},"117":{"start":{"line":227,"column":20},"end":{"line":227,"column":39}},"118":{"start":{"line":228,"column":4},"end":{"line":230,"column":5}},"119":{"start":{"line":229,"column":8},"end":{"line":229,"column":70}},"120":{"start":{"line":231,"column":4},"end":{"line":233,"column":5}},"121":{"start":{"line":232,"column":8},"end":{"line":232,"column":68}},"122":{"start":{"line":234,"column":4},"end":{"line":236,"column":5}},"123":{"start":{"line":235,"column":8},"end":{"line":235,"column":72}},"124":{"start":{"line":237,"column":4},"end":{"line":239,"column":5}},"125":{"start":{"line":238,"column":8},"end":{"line":238,"column":68}},"126":{"start":{"line":240,"column":4},"end":{"line":244,"column":5}},"127":{"start":{"line":241,"column":8},"end":{"line":241,"column":60}},"128":{"start":{"line":242,"column":10},"end":{"line":244,"column":5}},"129":{"start":{"line":243,"column":8},"end":{"line":243,"column":62}},"130":{"start":{"line":245,"column":4},"end":{"line":247,"column":5}},"131":{"start":{"line":246,"column":8},"end":{"line":246,"column":59}},"132":{"start":{"line":248,"column":4},"end":{"line":250,"column":5}},"133":{"start":{"line":249,"column":8},"end":{"line":249,"column":60}},"134":{"start":{"line":251,"column":4},"end":{"line":253,"column":5}},"135":{"start":{"line":252,"column":8},"end":{"line":252,"column":58}},"136":{"start":{"line":254,"column":4},"end":{"line":260,"column":5}},"137":{"start":{"line":259,"column":8},"end":{"line":259,"column":64}},"138":{"start":{"line":261,"column":4},"end":{"line":281,"column":8}},"139":{"start":{"line":277,"column":4},"end":{"line":281,"column":5}},"140":{"start":{"line":278,"column":8},"end":{"line":278,"column":66}},"141":{"start":{"line":280,"column":8},"end":{"line":280,"column":34}},"142":{"start":{"line":284,"column":0},"end":{"line":295,"column":2}}},"fnMap":{"0":{"name":"(anonymous_0)","decl":{"start":{"line":3,"column":27},"end":{"line":3,"column":28}},"loc":{"start":{"line":3,"column":47},"end":{"line":8,"column":1}},"line":3},"1":{"name":"(anonymous_1)","decl":{"start":{"line":4,"column":26},"end":{"line":4,"column":27}},"loc":{"start":{"line":4,"column":41},"end":{"line":7,"column":5}},"line":4},"2":{"name":"(anonymous_2)","decl":{"start":{"line":10,"column":24},"end":{"line":10,"column":25}},"loc":{"start":{"line":10,"column":44},"end":{"line":83,"column":1}},"line":10},"3":{"name":"(anonymous_3)","decl":{"start":{"line":55,"column":26},"end":{"line":55,"column":27}},"loc":{"start":{"line":55,"column":41},"end":{"line":82,"column":5}},"line":55},"4":{"name":"(anonymous_4)","decl":{"start":{"line":74,"column":33},"end":{"line":74,"column":34}},"loc":{"start":{"line":74,"column":48},"end":{"line":77,"column":13}},"line":74},"5":{"name":"(anonymous_5)","decl":{"start":{"line":86,"column":30},"end":{"line":86,"column":31}},"loc":{"start":{"line":86,"column":50},"end":{"line":91,"column":1}},"line":86},"6":{"name":"(anonymous_6)","decl":{"start":{"line":87,"column":32},"end":{"line":87,"column":33}},"loc":{"start":{"line":87,"column":47},"end":{"line":90,"column":5}},"line":87},"7":{"name":"(anonymous_7)","decl":{"start":{"line":94,"column":27},"end":{"line":94,"column":28}},"loc":{"start":{"line":94,"column":47},"end":{"line":101,"column":1}},"line":94},"8":{"name":"(anonymous_8)","decl":{"start":{"line":97,"column":37},"end":{"line":97,"column":38}},"loc":{"start":{"line":97,"column":52},"end":{"line":100,"column":5}},"line":97},"9":{"name":"(anonymous_9)","decl":{"start":{"line":104,"column":30},"end":{"line":104,"column":31}},"loc":{"start":{"line":104,"column":50},"end":{"line":111,"column":1}},"line":104},"10":{"name":"(anonymous_10)","decl":{"start":{"line":107,"column":39},"end":{"line":107,"column":40}},"loc":{"start":{"line":107,"column":54},"end":{"line":110,"column":5}},"line":107},"11":{"name":"(anonymous_11)","decl":{"start":{"line":113,"column":16},"end":{"line":113,"column":17}},"loc":{"start":{"line":113,"column":36},"end":{"line":141,"column":1}},"line":113},"12":{"name":"(anonymous_12)","decl":{"start":{"line":135,"column":20},"end":{"line":135,"column":21}},"loc":{"start":{"line":135,"column":44},"end":{"line":140,"column":6}},"line":135},"13":{"name":"(anonymous_13)","decl":{"start":{"line":143,"column":21},"end":{"line":143,"column":22}},"loc":{"start":{"line":143,"column":41},"end":{"line":167,"column":1}},"line":143},"14":{"name":"(anonymous_14)","decl":{"start":{"line":161,"column":20},"end":{"line":161,"column":21}},"loc":{"start":{"line":161,"column":44},"end":{"line":166,"column":6}},"line":161},"15":{"name":"(anonymous_15)","decl":{"start":{"line":169,"column":19},"end":{"line":169,"column":20}},"loc":{"start":{"line":169,"column":39},"end":{"line":193,"column":1}},"line":169},"16":{"name":"(anonymous_16)","decl":{"start":{"line":187,"column":20},"end":{"line":187,"column":21}},"loc":{"start":{"line":187,"column":44},"end":{"line":192,"column":6}},"line":187},"17":{"name":"(anonymous_17)","decl":{"start":{"line":195,"column":21},"end":{"line":195,"column":22}},"loc":{"start":{"line":195,"column":41},"end":{"line":215,"column":1}},"line":195},"18":{"name":"(anonymous_18)","decl":{"start":{"line":209,"column":20},"end":{"line":209,"column":21}},"loc":{"start":{"line":209,"column":44},"end":{"line":214,"column":6}},"line":209},"19":{"name":"(anonymous_19)","decl":{"start":{"line":217,"column":27},"end":{"line":217,"column":28}},"loc":{"start":{"line":217,"column":47},"end":{"line":282,"column":1}},"line":217},"20":{"name":"(anonymous_20)","decl":{"start":{"line":276,"column":20},"end":{"line":276,"column":21}},"loc":{"start":{"line":276,"column":44},"end":{"line":281,"column":6}},"line":276}},"branchMap":{"0":{"loc":{"start":{"line":5,"column":8},"end":{"line":5,"column":47}},"type":"if","locations":[{"start":{"line":5,"column":8},"end":{"line":5,"column":47}},{"start":{},"end":{}}],"line":5},"1":{"loc":{"start":{"line":19,"column":4},"end":{"line":21,"column":5}},"type":"if","locations":[{"start":{"line":19,"column":4},"end":{"line":21,"column":5}},{"start":{},"end":{}}],"line":19},"2":{"loc":{"start":{"line":19,"column":7},"end":{"line":19,"column":30}},"type":"binary-expr","locations":[{"start":{"line":19,"column":7},"end":{"line":19,"column":16}},{"start":{"line":19,"column":20},"end":{"line":19,"column":30}}],"line":19},"3":{"loc":{"start":{"line":22,"column":4},"end":{"line":24,"column":5}},"type":"if","locations":[{"start":{"line":22,"column":4},"end":{"line":24,"column":5}},{"start":{},"end":{}}],"line":22},"4":{"loc":{"start":{"line":22,"column":7},"end":{"line":22,"column":30}},"type":"binary-expr","locations":[{"start":{"line":22,"column":7},"end":{"line":22,"column":16}},{"start":{"line":22,"column":20},"end":{"line":22,"column":30}}],"line":22},"5":{"loc":{"start":{"line":25,"column":4},"end":{"line":27,"column":5}},"type":"if","locations":[{"start":{"line":25,"column":4},"end":{"line":27,"column":5}},{"start":{},"end":{}}],"line":25},"6":{"loc":{"start":{"line":25,"column":7},"end":{"line":25,"column":36}},"type":"binary-expr","locations":[{"start":{"line":25,"column":7},"end":{"line":25,"column":19}},{"start":{"line":25,"column":23},"end":{"line":25,"column":36}}],"line":25},"7":{"loc":{"start":{"line":28,"column":4},"end":{"line":30,"column":5}},"type":"if","locations":[{"start":{"line":28,"column":4},"end":{"line":30,"column":5}},{"start":{},"end":{}}],"line":28},"8":{"loc":{"start":{"line":28,"column":7},"end":{"line":28,"column":36}},"type":"binary-expr","locations":[{"start":{"line":28,"column":7},"end":{"line":28,"column":19}},{"start":{"line":28,"column":23},"end":{"line":28,"column":36}}],"line":28},"9":{"loc":{"start":{"line":31,"column":4},"end":{"line":35,"column":5}},"type":"if","locations":[{"start":{"line":31,"column":4},"end":{"line":35,"column":5}},{"start":{"line":33,"column":10},"end":{"line":35,"column":5}}],"line":31},"10":{"loc":{"start":{"line":33,"column":10},"end":{"line":35,"column":5}},"type":"if","locations":[{"start":{"line":33,"column":10},"end":{"line":35,"column":5}},{"start":{},"end":{}}],"line":33},"11":{"loc":{"start":{"line":33,"column":13},"end":{"line":33,"column":50}},"type":"binary-expr","locations":[{"start":{"line":33,"column":13},"end":{"line":33,"column":27}},{"start":{"line":33,"column":31},"end":{"line":33,"column":50}}],"line":33},"12":{"loc":{"start":{"line":36,"column":4},"end":{"line":38,"column":5}},"type":"if","locations":[{"start":{"line":36,"column":4},"end":{"line":38,"column":5}},{"start":{},"end":{}}],"line":36},"13":{"loc":{"start":{"line":39,"column":4},"end":{"line":41,"column":5}},"type":"if","locations":[{"start":{"line":39,"column":4},"end":{"line":41,"column":5}},{"start":{},"end":{}}],"line":39},"14":{"loc":{"start":{"line":39,"column":7},"end":{"line":39,"column":30}},"type":"binary-expr","locations":[{"start":{"line":39,"column":7},"end":{"line":39,"column":16}},{"start":{"line":39,"column":20},"end":{"line":39,"column":30}}],"line":39},"15":{"loc":{"start":{"line":42,"column":4},"end":{"line":44,"column":5}},"type":"if","locations":[{"start":{"line":42,"column":4},"end":{"line":44,"column":5}},{"start":{},"end":{}}],"line":42},"16":{"loc":{"start":{"line":42,"column":7},"end":{"line":42,"column":26}},"type":"binary-expr","locations":[{"start":{"line":42,"column":7},"end":{"line":42,"column":14}},{"start":{"line":42,"column":18},"end":{"line":42,"column":26}}],"line":42},"17":{"loc":{"start":{"line":56,"column":8},"end":{"line":81,"column":9}},"type":"if","locations":[{"start":{"line":56,"column":8},"end":{"line":81,"column":9}},{"start":{"line":78,"column":13},"end":{"line":81,"column":9}}],"line":56},"18":{"loc":{"start":{"line":75,"column":16},"end":{"line":75,"column":55}},"type":"if","locations":[{"start":{"line":75,"column":16},"end":{"line":75,"column":55}},{"start":{},"end":{}}],"line":75},"19":{"loc":{"start":{"line":79,"column":12},"end":{"line":79,"column":86}},"type":"if","locations":[{"start":{"line":79,"column":12},"end":{"line":79,"column":86}},{"start":{},"end":{}}],"line":79},"20":{"loc":{"start":{"line":88,"column":8},"end":{"line":88,"column":70}},"type":"if","locations":[{"start":{"line":88,"column":8},"end":{"line":88,"column":70}},{"start":{},"end":{}}],"line":88},"21":{"loc":{"start":{"line":98,"column":8},"end":{"line":98,"column":83}},"type":"if","locations":[{"start":{"line":98,"column":8},"end":{"line":98,"column":83}},{"start":{},"end":{}}],"line":98},"22":{"loc":{"start":{"line":98,"column":11},"end":{"line":98,"column":23}},"type":"binary-expr","locations":[{"start":{"line":98,"column":11},"end":{"line":98,"column":14}},{"start":{"line":98,"column":18},"end":{"line":98,"column":23}}],"line":98},"23":{"loc":{"start":{"line":108,"column":8},"end":{"line":108,"column":83}},"type":"if","locations":[{"start":{"line":108,"column":8},"end":{"line":108,"column":83}},{"start":{},"end":{}}],"line":108},"24":{"loc":{"start":{"line":108,"column":11},"end":{"line":108,"column":23}},"type":"binary-expr","locations":[{"start":{"line":108,"column":11},"end":{"line":108,"column":14}},{"start":{"line":108,"column":18},"end":{"line":108,"column":23}}],"line":108},"25":{"loc":{"start":{"line":119,"column":4},"end":{"line":121,"column":5}},"type":"if","locations":[{"start":{"line":119,"column":4},"end":{"line":121,"column":5}},{"start":{},"end":{}}],"line":119},"26":{"loc":{"start":{"line":122,"column":4},"end":{"line":124,"column":5}},"type":"if","locations":[{"start":{"line":122,"column":4},"end":{"line":124,"column":5}},{"start":{},"end":{}}],"line":122},"27":{"loc":{"start":{"line":122,"column":7},"end":{"line":122,"column":30}},"type":"binary-expr","locations":[{"start":{"line":122,"column":7},"end":{"line":122,"column":16}},{"start":{"line":122,"column":20},"end":{"line":122,"column":30}}],"line":122},"28":{"loc":{"start":{"line":125,"column":4},"end":{"line":127,"column":5}},"type":"if","locations":[{"start":{"line":125,"column":4},"end":{"line":127,"column":5}},{"start":{},"end":{}}],"line":125},"29":{"loc":{"start":{"line":125,"column":7},"end":{"line":125,"column":26}},"type":"binary-expr","locations":[{"start":{"line":125,"column":7},"end":{"line":125,"column":14}},{"start":{"line":125,"column":18},"end":{"line":125,"column":26}}],"line":125},"30":{"loc":{"start":{"line":136,"column":4},"end":{"line":140,"column":5}},"type":"if","locations":[{"start":{"line":136,"column":4},"end":{"line":140,"column":5}},{"start":{"line":138,"column":11},"end":{"line":140,"column":5}}],"line":136},"31":{"loc":{"start":{"line":150,"column":4},"end":{"line":152,"column":5}},"type":"if","locations":[{"start":{"line":150,"column":4},"end":{"line":152,"column":5}},{"start":{},"end":{}}],"line":150},"32":{"loc":{"start":{"line":150,"column":7},"end":{"line":150,"column":28}},"type":"binary-expr","locations":[{"start":{"line":150,"column":7},"end":{"line":150,"column":15}},{"start":{"line":150,"column":19},"end":{"line":150,"column":28}}],"line":150},"33":{"loc":{"start":{"line":153,"column":4},"end":{"line":155,"column":5}},"type":"if","locations":[{"start":{"line":153,"column":4},"end":{"line":155,"column":5}},{"start":{},"end":{}}],"line":153},"34":{"loc":{"start":{"line":153,"column":7},"end":{"line":153,"column":34}},"type":"binary-expr","locations":[{"start":{"line":153,"column":7},"end":{"line":153,"column":18}},{"start":{"line":153,"column":22},"end":{"line":153,"column":34}}],"line":153},"35":{"loc":{"start":{"line":162,"column":4},"end":{"line":166,"column":5}},"type":"if","locations":[{"start":{"line":162,"column":4},"end":{"line":166,"column":5}},{"start":{"line":164,"column":11},"end":{"line":166,"column":5}}],"line":162},"36":{"loc":{"start":{"line":176,"column":4},"end":{"line":178,"column":5}},"type":"if","locations":[{"start":{"line":176,"column":4},"end":{"line":178,"column":5}},{"start":{},"end":{}}],"line":176},"37":{"loc":{"start":{"line":176,"column":7},"end":{"line":176,"column":28}},"type":"binary-expr","locations":[{"start":{"line":176,"column":7},"end":{"line":176,"column":15}},{"start":{"line":176,"column":19},"end":{"line":176,"column":28}}],"line":176},"38":{"loc":{"start":{"line":179,"column":4},"end":{"line":181,"column":5}},"type":"if","locations":[{"start":{"line":179,"column":4},"end":{"line":181,"column":5}},{"start":{},"end":{}}],"line":179},"39":{"loc":{"start":{"line":179,"column":7},"end":{"line":179,"column":34}},"type":"binary-expr","locations":[{"start":{"line":179,"column":7},"end":{"line":179,"column":18}},{"start":{"line":179,"column":22},"end":{"line":179,"column":34}}],"line":179},"40":{"loc":{"start":{"line":188,"column":4},"end":{"line":192,"column":5}},"type":"if","locations":[{"start":{"line":188,"column":4},"end":{"line":192,"column":5}},{"start":{"line":190,"column":11},"end":{"line":192,"column":5}}],"line":188},"41":{"loc":{"start":{"line":199,"column":4},"end":{"line":205,"column":5}},"type":"if","locations":[{"start":{"line":199,"column":4},"end":{"line":205,"column":5}},{"start":{},"end":{}}],"line":199},"42":{"loc":{"start":{"line":199,"column":7},"end":{"line":203,"column":19}},"type":"binary-expr","locations":[{"start":{"line":199,"column":7},"end":{"line":199,"column":33}},{"start":{"line":200,"column":4},"end":{"line":200,"column":33}},{"start":{"line":201,"column":4},"end":{"line":201,"column":28}},{"start":{"line":202,"column":4},"end":{"line":202,"column":28}},{"start":{"line":203,"column":4},"end":{"line":203,"column":19}}],"line":199},"43":{"loc":{"start":{"line":210,"column":4},"end":{"line":214,"column":5}},"type":"if","locations":[{"start":{"line":210,"column":4},"end":{"line":214,"column":5}},{"start":{"line":212,"column":11},"end":{"line":214,"column":5}}],"line":210},"44":{"loc":{"start":{"line":228,"column":4},"end":{"line":230,"column":5}},"type":"if","locations":[{"start":{"line":228,"column":4},"end":{"line":230,"column":5}},{"start":{},"end":{}}],"line":228},"45":{"loc":{"start":{"line":228,"column":7},"end":{"line":228,"column":30}},"type":"binary-expr","locations":[{"start":{"line":228,"column":7},"end":{"line":228,"column":16}},{"start":{"line":228,"column":20},"end":{"line":228,"column":30}}],"line":228},"46":{"loc":{"start":{"line":231,"column":4},"end":{"line":233,"column":5}},"type":"if","locations":[{"start":{"line":231,"column":4},"end":{"line":233,"column":5}},{"start":{},"end":{}}],"line":231},"47":{"loc":{"start":{"line":231,"column":7},"end":{"line":231,"column":30}},"type":"binary-expr","locations":[{"start":{"line":231,"column":7},"end":{"line":231,"column":16}},{"start":{"line":231,"column":20},"end":{"line":231,"column":30}}],"line":231},"48":{"loc":{"start":{"line":234,"column":4},"end":{"line":236,"column":5}},"type":"if","locations":[{"start":{"line":234,"column":4},"end":{"line":236,"column":5}},{"start":{},"end":{}}],"line":234},"49":{"loc":{"start":{"line":234,"column":7},"end":{"line":234,"column":36}},"type":"binary-expr","locations":[{"start":{"line":234,"column":7},"end":{"line":234,"column":19}},{"start":{"line":234,"column":23},"end":{"line":234,"column":36}}],"line":234},"50":{"loc":{"start":{"line":237,"column":4},"end":{"line":239,"column":5}},"type":"if","locations":[{"start":{"line":237,"column":4},"end":{"line":239,"column":5}},{"start":{},"end":{}}],"line":237},"51":{"loc":{"start":{"line":237,"column":7},"end":{"line":237,"column":36}},"type":"binary-expr","locations":[{"start":{"line":237,"column":7},"end":{"line":237,"column":19}},{"start":{"line":237,"column":23},"end":{"line":237,"column":36}}],"line":237},"52":{"loc":{"start":{"line":240,"column":4},"end":{"line":244,"column":5}},"type":"if","locations":[{"start":{"line":240,"column":4},"end":{"line":244,"column":5}},{"start":{"line":242,"column":10},"end":{"line":244,"column":5}}],"line":240},"53":{"loc":{"start":{"line":242,"column":10},"end":{"line":244,"column":5}},"type":"if","locations":[{"start":{"line":242,"column":10},"end":{"line":244,"column":5}},{"start":{},"end":{}}],"line":242},"54":{"loc":{"start":{"line":242,"column":13},"end":{"line":242,"column":50}},"type":"binary-expr","locations":[{"start":{"line":242,"column":13},"end":{"line":242,"column":27}},{"start":{"line":242,"column":31},"end":{"line":242,"column":50}}],"line":242},"55":{"loc":{"start":{"line":245,"column":4},"end":{"line":247,"column":5}},"type":"if","locations":[{"start":{"line":245,"column":4},"end":{"line":247,"column":5}},{"start":{},"end":{}}],"line":245},"56":{"loc":{"start":{"line":248,"column":4},"end":{"line":250,"column":5}},"type":"if","locations":[{"start":{"line":248,"column":4},"end":{"line":250,"column":5}},{"start":{},"end":{}}],"line":248},"57":{"loc":{"start":{"line":248,"column":7},"end":{"line":248,"column":30}},"type":"binary-expr","locations":[{"start":{"line":248,"column":7},"end":{"line":248,"column":16}},{"start":{"line":248,"column":20},"end":{"line":248,"column":30}}],"line":248},"58":{"loc":{"start":{"line":251,"column":4},"end":{"line":253,"column":5}},"type":"if","locations":[{"start":{"line":251,"column":4},"end":{"line":253,"column":5}},{"start":{},"end":{}}],"line":251},"59":{"loc":{"start":{"line":251,"column":7},"end":{"line":251,"column":26}},"type":"binary-expr","locations":[{"start":{"line":251,"column":7},"end":{"line":251,"column":14}},{"start":{"line":251,"column":18},"end":{"line":251,"column":26}}],"line":251},"60":{"loc":{"start":{"line":254,"column":4},"end":{"line":260,"column":5}},"type":"if","locations":[{"start":{"line":254,"column":4},"end":{"line":260,"column":5}},{"start":{},"end":{}}],"line":254},"61":{"loc":{"start":{"line":254,"column":7},"end":{"line":258,"column":19}},"type":"binary-expr","locations":[{"start":{"line":254,"column":7},"end":{"line":254,"column":33}},{"start":{"line":255,"column":4},"end":{"line":255,"column":33}},{"start":{"line":256,"column":4},"end":{"line":256,"column":28}},{"start":{"line":257,"column":4},"end":{"line":257,"column":28}},{"start":{"line":258,"column":4},"end":{"line":258,"column":19}}],"line":254},"62":{"loc":{"start":{"line":277,"column":4},"end":{"line":281,"column":5}},"type":"if","locations":[{"start":{"line":277,"column":4},"end":{"line":281,"column":5}},{"start":{"line":279,"column":11},"end":{"line":281,"column":5}}],"line":277}},"s":{"0":2,"1":2,"2":0,"3":0,"4":0,"5":0,"6":2,"7":0,"8":0,"9":0,"10":0,"11":0,"12":0,"13":0,"14":0,"15":0,"16":0,"17":0,"18":0,"19":0,"20":0,"21":0,"22":0,"23":0,"24":0,"25":0,"26":0,"27":0,"28":0,"29":0,"30":0,"31":0,"32":0,"33":0,"34":0,"35":0,"36":0,"37":0,"38":0,"39":0,"40":0,"41":0,"42":0,"43":2,"44":0,"45":0,"46":0,"47":0,"48":2,"49":0,"50":0,"51":0,"52":0,"53":0,"54":2,"55":0,"56":0,"57":0,"58":0,"59":0,"60":2,"61":0,"62":0,"63":0,"64":0,"65":0,"66":0,"67":0,"68":0,"69":0,"70":0,"71":0,"72":0,"73":0,"74":0,"75":2,"76":0,"77":0,"78":0,"79":0,"80":0,"81":0,"82":0,"83":0,"84":0,"85":0,"86":0,"87":2,"88":0,"89":0,"90":0,"91":0,"92":0,"93":0,"94":0,"95":0,"96":0,"97":0,"98":0,"99":2,"100":0,"101":0,"102":0,"103":0,"104":0,"105":0,"106":0,"107":0,"108":2,"109":0,"110":0,"111":0,"112":0,"113":0,"114":0,"115":0,"116":0,"117":0,"118":0,"119":0,"120":0,"121":0,"122":0,"123":0,"124":0,"125":0,"126":0,"127":0,"128":0,"129":0,"130":0,"131":0,"132":0,"133":0,"134":0,"135":0,"136":0,"137":0,"138":0,"139":0,"140":0,"141":0,"142":2},"f":{"0":0,"1":0,"2":0,"3":0,"4":0,"5":0,"6":0,"7":0,"8":0,"9":0,"10":0,"11":0,"12":0,"13":0,"14":0,"15":0,"16":0,"17":0,"18":0,"19":0,"20":0},"b":{"0":[0,0],"1":[0,0],"2":[0,0],"3":[0,0],"4":[0,0],"5":[0,0],"6":[0,0],"7":[0,0],"8":[0,0],"9":[0,0],"10":[0,0],"11":[0,0],"12":[0,0],"13":[0,0],"14":[0,0],"15":[0,0],"16":[0,0],"17":[0,0],"18":[0,0],"19":[0,0],"20":[0,0],"21":[0,0],"22":[0,0],"23":[0,0],"24":[0,0],"25":[0,0],"26":[0,0],"27":[0,0],"28":[0,0],"29":[0,0],"30":[0,0],"31":[0,0],"32":[0,0],"33":[0,0],"34":[0,0],"35":[0,0],"36":[0,0],"37":[0,0],"38":[0,0],"39":[0,0],"40":[0,0],"41":[0,0],"42":[0,0,0,0,0],"43":[0,0],"44":[0,0],"45":[0,0],"46":[0,0],"47":[0,0],"48":[0,0],"49":[0,0],"50":[0,0],"51":[0,0],"52":[0,0],"53":[0,0],"54":[0,0],"55":[0,0],"56":[0,0],"57":[0,0],"58":[0,0],"59":[0,0],"60":[0,0],"61":[0,0,0,0,0],"62":[0,0]},"_coverageSchema":"1a1c01bbd47fc00a2c39e90264f33305004495a9","hash":"feaf42005dc355173566cd974872695511912f7c"}
,"C:\\Users\\fusyr\\Documents\\Riccardo\\Uni\\3 Semestre\\Ingegneria del software\\ProgettoIS2022\\MaterialeD4\\Frontend_grafica2.0\\controllers\\offerer.js": {"path":"C:\\Users\\fusyr\\Documents\\Riccardo\\Uni\\3 Semestre\\Ingegneria del software\\ProgettoIS2022\\MaterialeD4\\Frontend_grafica2.0\\controllers\\offerer.js","statementMap":{"0":{"start":{"line":1,"column":16},"end":{"line":1,"column":44}},"1":{"start":{"line":2,"column":21},"end":{"line":2,"column":54}},"2":{"start":{"line":3,"column":25},"end":{"line":14,"column":1}},"3":{"start":{"line":4,"column":16},"end":{"line":4,"column":31}},"4":{"start":{"line":6,"column":4},"end":{"line":7,"column":6}},"5":{"start":{"line":9,"column":4},"end":{"line":12,"column":6}},"6":{"start":{"line":10,"column":8},"end":{"line":10,"column":86}},"7":{"start":{"line":10,"column":36},"end":{"line":10,"column":86}},"8":{"start":{"line":11,"column":8},"end":{"line":11,"column":54}},"9":{"start":{"line":16,"column":22},"end":{"line":23,"column":1}},"10":{"start":{"line":17,"column":16},"end":{"line":17,"column":31}},"11":{"start":{"line":19,"column":4},"end":{"line":22,"column":6}},"12":{"start":{"line":20,"column":8},"end":{"line":20,"column":91}},"13":{"start":{"line":20,"column":25},"end":{"line":20,"column":91}},"14":{"start":{"line":21,"column":8},"end":{"line":21,"column":42}},"15":{"start":{"line":25,"column":22},"end":{"line":34,"column":1}},"16":{"start":{"line":26,"column":16},"end":{"line":26,"column":31}},"17":{"start":{"line":28,"column":4},"end":{"line":33,"column":8}},"18":{"start":{"line":29,"column":4},"end":{"line":33,"column":5}},"19":{"start":{"line":30,"column":8},"end":{"line":30,"column":58}},"20":{"start":{"line":32,"column":8},"end":{"line":32,"column":54}},"21":{"start":{"line":36,"column":23},"end":{"line":45,"column":1}},"22":{"start":{"line":37,"column":16},"end":{"line":37,"column":31}},"23":{"start":{"line":39,"column":4},"end":{"line":44,"column":8}},"24":{"start":{"line":40,"column":4},"end":{"line":44,"column":5}},"25":{"start":{"line":41,"column":8},"end":{"line":41,"column":58}},"26":{"start":{"line":43,"column":8},"end":{"line":43,"column":54}},"27":{"start":{"line":47,"column":16},"end":{"line":56,"column":1}},"28":{"start":{"line":48,"column":16},"end":{"line":48,"column":31}},"29":{"start":{"line":50,"column":4},"end":{"line":55,"column":8}},"30":{"start":{"line":51,"column":4},"end":{"line":55,"column":5}},"31":{"start":{"line":52,"column":8},"end":{"line":52,"column":58}},"32":{"start":{"line":54,"column":8},"end":{"line":54,"column":54}},"33":{"start":{"line":58,"column":19},"end":{"line":67,"column":1}},"34":{"start":{"line":59,"column":16},"end":{"line":59,"column":31}},"35":{"start":{"line":61,"column":4},"end":{"line":66,"column":8}},"36":{"start":{"line":62,"column":4},"end":{"line":66,"column":5}},"37":{"start":{"line":63,"column":8},"end":{"line":63,"column":58}},"38":{"start":{"line":65,"column":8},"end":{"line":65,"column":54}},"39":{"start":{"line":69,"column":20},"end":{"line":85,"column":1}},"40":{"start":{"line":70,"column":16},"end":{"line":70,"column":31}},"41":{"start":{"line":71,"column":22},"end":{"line":71,"column":34}},"42":{"start":{"line":72,"column":22},"end":{"line":72,"column":34}},"43":{"start":{"line":73,"column":29},"end":{"line":73,"column":44}},"44":{"start":{"line":75,"column":4},"end":{"line":77,"column":5}},"45":{"start":{"line":76,"column":8},"end":{"line":76,"column":70}},"46":{"start":{"line":79,"column":4},"end":{"line":84,"column":12}},"47":{"start":{"line":80,"column":8},"end":{"line":84,"column":9}},"48":{"start":{"line":81,"column":12},"end":{"line":81,"column":50}},"49":{"start":{"line":83,"column":12},"end":{"line":83,"column":46}},"50":{"start":{"line":87,"column":27},"end":{"line":96,"column":1}},"51":{"start":{"line":88,"column":16},"end":{"line":88,"column":32}},"52":{"start":{"line":90,"column":4},"end":{"line":95,"column":6}},"53":{"start":{"line":91,"column":8},"end":{"line":91,"column":90}},"54":{"start":{"line":91,"column":25},"end":{"line":91,"column":90}},"55":{"start":{"line":92,"column":8},"end":{"line":92,"column":57}},"56":{"start":{"line":93,"column":8},"end":{"line":93,"column":20}},"57":{"start":{"line":94,"column":8},"end":{"line":94,"column":35}},"58":{"start":{"line":98,"column":0},"end":{"line":107,"column":2}}},"fnMap":{"0":{"name":"(anonymous_0)","decl":{"start":{"line":3,"column":25},"end":{"line":3,"column":26}},"loc":{"start":{"line":3,"column":45},"end":{"line":14,"column":1}},"line":3},"1":{"name":"(anonymous_1)","decl":{"start":{"line":6,"column":52},"end":{"line":6,"column":53}},"loc":{"start":{"line":6,"column":68},"end":{"line":7,"column":5}},"line":6},"2":{"name":"(anonymous_2)","decl":{"start":{"line":9,"column":39},"end":{"line":9,"column":40}},"loc":{"start":{"line":9,"column":54},"end":{"line":12,"column":5}},"line":9},"3":{"name":"(anonymous_3)","decl":{"start":{"line":16,"column":22},"end":{"line":16,"column":23}},"loc":{"start":{"line":16,"column":42},"end":{"line":23,"column":1}},"line":16},"4":{"name":"(anonymous_4)","decl":{"start":{"line":19,"column":37},"end":{"line":19,"column":38}},"loc":{"start":{"line":19,"column":52},"end":{"line":22,"column":5}},"line":19},"5":{"name":"(anonymous_5)","decl":{"start":{"line":25,"column":22},"end":{"line":25,"column":23}},"loc":{"start":{"line":25,"column":42},"end":{"line":34,"column":1}},"line":25},"6":{"name":"(anonymous_6)","decl":{"start":{"line":28,"column":95},"end":{"line":28,"column":96}},"loc":{"start":{"line":28,"column":119},"end":{"line":33,"column":6}},"line":28},"7":{"name":"(anonymous_7)","decl":{"start":{"line":36,"column":23},"end":{"line":36,"column":24}},"loc":{"start":{"line":36,"column":43},"end":{"line":45,"column":1}},"line":36},"8":{"name":"(anonymous_8)","decl":{"start":{"line":39,"column":97},"end":{"line":39,"column":98}},"loc":{"start":{"line":39,"column":121},"end":{"line":44,"column":6}},"line":39},"9":{"name":"(anonymous_9)","decl":{"start":{"line":47,"column":16},"end":{"line":47,"column":17}},"loc":{"start":{"line":47,"column":36},"end":{"line":56,"column":1}},"line":47},"10":{"name":"(anonymous_10)","decl":{"start":{"line":50,"column":83},"end":{"line":50,"column":84}},"loc":{"start":{"line":50,"column":107},"end":{"line":55,"column":6}},"line":50},"11":{"name":"(anonymous_11)","decl":{"start":{"line":58,"column":19},"end":{"line":58,"column":20}},"loc":{"start":{"line":58,"column":39},"end":{"line":67,"column":1}},"line":58},"12":{"name":"(anonymous_12)","decl":{"start":{"line":61,"column":89},"end":{"line":61,"column":90}},"loc":{"start":{"line":61,"column":113},"end":{"line":66,"column":6}},"line":61},"13":{"name":"(anonymous_13)","decl":{"start":{"line":69,"column":20},"end":{"line":69,"column":21}},"loc":{"start":{"line":69,"column":40},"end":{"line":85,"column":1}},"line":69},"14":{"name":"(anonymous_14)","decl":{"start":{"line":79,"column":108},"end":{"line":79,"column":109}},"loc":{"start":{"line":79,"column":132},"end":{"line":84,"column":10}},"line":79},"15":{"name":"(anonymous_15)","decl":{"start":{"line":87,"column":27},"end":{"line":87,"column":28}},"loc":{"start":{"line":87,"column":47},"end":{"line":96,"column":1}},"line":87},"16":{"name":"(anonymous_16)","decl":{"start":{"line":90,"column":37},"end":{"line":90,"column":38}},"loc":{"start":{"line":90,"column":52},"end":{"line":95,"column":5}},"line":90}},"branchMap":{"0":{"loc":{"start":{"line":10,"column":8},"end":{"line":10,"column":86}},"type":"if","locations":[{"start":{"line":10,"column":8},"end":{"line":10,"column":86}},{"start":{},"end":{}}],"line":10},"1":{"loc":{"start":{"line":20,"column":8},"end":{"line":20,"column":91}},"type":"if","locations":[{"start":{"line":20,"column":8},"end":{"line":20,"column":91}},{"start":{},"end":{}}],"line":20},"2":{"loc":{"start":{"line":20,"column":11},"end":{"line":20,"column":23}},"type":"binary-expr","locations":[{"start":{"line":20,"column":11},"end":{"line":20,"column":14}},{"start":{"line":20,"column":18},"end":{"line":20,"column":23}}],"line":20},"3":{"loc":{"start":{"line":29,"column":4},"end":{"line":33,"column":5}},"type":"if","locations":[{"start":{"line":29,"column":4},"end":{"line":33,"column":5}},{"start":{"line":31,"column":11},"end":{"line":33,"column":5}}],"line":29},"4":{"loc":{"start":{"line":29,"column":8},"end":{"line":29,"column":24}},"type":"binary-expr","locations":[{"start":{"line":29,"column":8},"end":{"line":29,"column":11}},{"start":{"line":29,"column":15},"end":{"line":29,"column":24}}],"line":29},"5":{"loc":{"start":{"line":40,"column":4},"end":{"line":44,"column":5}},"type":"if","locations":[{"start":{"line":40,"column":4},"end":{"line":44,"column":5}},{"start":{"line":42,"column":11},"end":{"line":44,"column":5}}],"line":40},"6":{"loc":{"start":{"line":40,"column":8},"end":{"line":40,"column":24}},"type":"binary-expr","locations":[{"start":{"line":40,"column":8},"end":{"line":40,"column":11}},{"start":{"line":40,"column":15},"end":{"line":40,"column":24}}],"line":40},"7":{"loc":{"start":{"line":51,"column":4},"end":{"line":55,"column":5}},"type":"if","locations":[{"start":{"line":51,"column":4},"end":{"line":55,"column":5}},{"start":{"line":53,"column":11},"end":{"line":55,"column":5}}],"line":51},"8":{"loc":{"start":{"line":51,"column":8},"end":{"line":51,"column":24}},"type":"binary-expr","locations":[{"start":{"line":51,"column":8},"end":{"line":51,"column":11}},{"start":{"line":51,"column":15},"end":{"line":51,"column":24}}],"line":51},"9":{"loc":{"start":{"line":62,"column":4},"end":{"line":66,"column":5}},"type":"if","locations":[{"start":{"line":62,"column":4},"end":{"line":66,"column":5}},{"start":{"line":64,"column":11},"end":{"line":66,"column":5}}],"line":62},"10":{"loc":{"start":{"line":62,"column":8},"end":{"line":62,"column":24}},"type":"binary-expr","locations":[{"start":{"line":62,"column":8},"end":{"line":62,"column":11}},{"start":{"line":62,"column":15},"end":{"line":62,"column":24}}],"line":62},"11":{"loc":{"start":{"line":75,"column":4},"end":{"line":77,"column":5}},"type":"if","locations":[{"start":{"line":75,"column":4},"end":{"line":77,"column":5}},{"start":{},"end":{}}],"line":75},"12":{"loc":{"start":{"line":80,"column":8},"end":{"line":84,"column":9}},"type":"if","locations":[{"start":{"line":80,"column":8},"end":{"line":84,"column":9}},{"start":{"line":82,"column":15},"end":{"line":84,"column":9}}],"line":80},"13":{"loc":{"start":{"line":80,"column":12},"end":{"line":80,"column":28}},"type":"binary-expr","locations":[{"start":{"line":80,"column":12},"end":{"line":80,"column":15}},{"start":{"line":80,"column":19},"end":{"line":80,"column":28}}],"line":80},"14":{"loc":{"start":{"line":91,"column":8},"end":{"line":91,"column":90}},"type":"if","locations":[{"start":{"line":91,"column":8},"end":{"line":91,"column":90}},{"start":{},"end":{}}],"line":91},"15":{"loc":{"start":{"line":91,"column":11},"end":{"line":91,"column":23}},"type":"binary-expr","locations":[{"start":{"line":91,"column":11},"end":{"line":91,"column":14}},{"start":{"line":91,"column":18},"end":{"line":91,"column":23}}],"line":91}},"s":{"0":2,"1":2,"2":2,"3":20,"4":20,"5":20,"6":20,"7":3,"8":17,"9":2,"10":2,"11":2,"12":2,"13":1,"14":1,"15":2,"16":2,"17":2,"18":2,"19":1,"20":1,"21":2,"22":2,"23":2,"24":2,"25":1,"26":1,"27":2,"28":2,"29":2,"30":2,"31":1,"32":1,"33":2,"34":2,"35":2,"36":2,"37":1,"38":1,"39":2,"40":3,"41":3,"42":3,"43":3,"44":3,"45":1,"46":2,"47":2,"48":1,"49":1,"50":2,"51":0,"52":0,"53":0,"54":0,"55":0,"56":0,"57":0,"58":2},"f":{"0":20,"1":20,"2":20,"3":2,"4":2,"5":2,"6":2,"7":2,"8":2,"9":2,"10":2,"11":2,"12":2,"13":3,"14":2,"15":0,"16":0},"b":{"0":[3,17],"1":[1,1],"2":[2,2],"3":[1,1],"4":[2,2],"5":[1,1],"6":[2,2],"7":[1,1],"8":[2,2],"9":[1,1],"10":[2,2],"11":[1,2],"12":[1,1],"13":[2,2],"14":[0,0],"15":[0,0]},"_coverageSchema":"1a1c01bbd47fc00a2c39e90264f33305004495a9","hash":"fa82b176fdca838832615050b82916354e7e71a4"}
,"C:\\Users\\fusyr\\Documents\\Riccardo\\Uni\\3 Semestre\\Ingegneria del software\\ProgettoIS2022\\MaterialeD4\\Frontend_grafica2.0\\controllers\\offererlogin.js": {"path":"C:\\Users\\fusyr\\Documents\\Riccardo\\Uni\\3 Semestre\\Ingegneria del software\\ProgettoIS2022\\MaterialeD4\\Frontend_grafica2.0\\controllers\\offererlogin.js","statementMap":{"0":{"start":{"line":1,"column":16},"end":{"line":1,"column":44}},"1":{"start":{"line":2,"column":12},"end":{"line":2,"column":35}},"2":{"start":{"line":4,"column":21},"end":{"line":29,"column":1}},"3":{"start":{"line":6,"column":16},"end":{"line":6,"column":30}},"4":{"start":{"line":7,"column":19},"end":{"line":7,"column":36}},"5":{"start":{"line":9,"column":4},"end":{"line":28,"column":6}},"6":{"start":{"line":10,"column":8},"end":{"line":27,"column":9}},"7":{"start":{"line":11,"column":12},"end":{"line":11,"column":61}},"8":{"start":{"line":13,"column":26},"end":{"line":16,"column":13}},"9":{"start":{"line":17,"column":26},"end":{"line":19,"column":13}},"10":{"start":{"line":20,"column":24},"end":{"line":20,"column":76}},"11":{"start":{"line":22,"column":12},"end":{"line":26,"column":15}},"12":{"start":{"line":31,"column":0},"end":{"line":33,"column":1}}},"fnMap":{"0":{"name":"(anonymous_0)","decl":{"start":{"line":4,"column":21},"end":{"line":4,"column":22}},"loc":{"start":{"line":4,"column":41},"end":{"line":29,"column":1}},"line":4},"1":{"name":"(anonymous_1)","decl":{"start":{"line":9,"column":58},"end":{"line":9,"column":59}},"loc":{"start":{"line":9,"column":73},"end":{"line":28,"column":5}},"line":9}},"branchMap":{"0":{"loc":{"start":{"line":10,"column":8},"end":{"line":27,"column":9}},"type":"if","locations":[{"start":{"line":10,"column":8},"end":{"line":27,"column":9}},{"start":{"line":12,"column":13},"end":{"line":27,"column":9}}],"line":10}},"s":{"0":2,"1":2,"2":2,"3":2,"4":2,"5":2,"6":2,"7":1,"8":1,"9":1,"10":1,"11":1,"12":2},"f":{"0":2,"1":2},"b":{"0":[1,1]},"_coverageSchema":"1a1c01bbd47fc00a2c39e90264f33305004495a9","hash":"49e4fe6f8c73519b015ba045ea2da1d97453add5"}
,"C:\\Users\\fusyr\\Documents\\Riccardo\\Uni\\3 Semestre\\Ingegneria del software\\ProgettoIS2022\\MaterialeD4\\Frontend_grafica2.0\\controllers\\offererregistration.js": {"path":"C:\\Users\\fusyr\\Documents\\Riccardo\\Uni\\3 Semestre\\Ingegneria del software\\ProgettoIS2022\\MaterialeD4\\Frontend_grafica2.0\\controllers\\offererregistration.js","statementMap":{"0":{"start":{"line":1,"column":0},"end":{"line":1,"column":39}},"1":{"start":{"line":3,"column":34},"end":{"line":7,"column":1}},"2":{"start":{"line":4,"column":17},"end":{"line":4,"column":96}},"3":{"start":{"line":5,"column":4},"end":{"line":5,"column":25}},"4":{"start":{"line":5,"column":13},"end":{"line":5,"column":25}},"5":{"start":{"line":6,"column":4},"end":{"line":6,"column":17}},"6":{"start":{"line":9,"column":19},"end":{"line":55,"column":1}},"7":{"start":{"line":10,"column":21},"end":{"line":10,"column":40}},"8":{"start":{"line":11,"column":24},"end":{"line":11,"column":46}},"9":{"start":{"line":12,"column":15},"end":{"line":12,"column":28}},"10":{"start":{"line":13,"column":18},"end":{"line":13,"column":34}},"11":{"start":{"line":14,"column":16},"end":{"line":14,"column":30}},"12":{"start":{"line":15,"column":19},"end":{"line":15,"column":36}},"13":{"start":{"line":16,"column":31},"end":{"line":16,"column":60}},"14":{"start":{"line":17,"column":21},"end":{"line":17,"column":40}},"15":{"start":{"line":18,"column":22},"end":{"line":18,"column":42}},"16":{"start":{"line":20,"column":4},"end":{"line":22,"column":5}},"17":{"start":{"line":21,"column":8},"end":{"line":21,"column":58}},"18":{"start":{"line":23,"column":4},"end":{"line":25,"column":5}},"19":{"start":{"line":24,"column":8},"end":{"line":24,"column":80}},"20":{"start":{"line":26,"column":4},"end":{"line":28,"column":5}},"21":{"start":{"line":27,"column":8},"end":{"line":27,"column":75}},"22":{"start":{"line":30,"column":4},"end":{"line":32,"column":5}},"23":{"start":{"line":31,"column":8},"end":{"line":31,"column":54}},"24":{"start":{"line":34,"column":4},"end":{"line":54,"column":6}},"25":{"start":{"line":35,"column":8},"end":{"line":53,"column":9}},"26":{"start":{"line":36,"column":31},"end":{"line":45,"column":14}},"27":{"start":{"line":46,"column":12},"end":{"line":49,"column":14}},"28":{"start":{"line":47,"column":16},"end":{"line":47,"column":55}},"29":{"start":{"line":47,"column":24},"end":{"line":47,"column":55}},"30":{"start":{"line":48,"column":16},"end":{"line":48,"column":50}},"31":{"start":{"line":51,"column":12},"end":{"line":51,"column":86}},"32":{"start":{"line":51,"column":20},"end":{"line":51,"column":86}},"33":{"start":{"line":52,"column":12},"end":{"line":52,"column":65}},"34":{"start":{"line":57,"column":0},"end":{"line":59,"column":1}}},"fnMap":{"0":{"name":"(anonymous_0)","decl":{"start":{"line":3,"column":34},"end":{"line":3,"column":35}},"loc":{"start":{"line":3,"column":48},"end":{"line":7,"column":1}},"line":3},"1":{"name":"(anonymous_1)","decl":{"start":{"line":9,"column":19},"end":{"line":9,"column":20}},"loc":{"start":{"line":9,"column":39},"end":{"line":55,"column":1}},"line":9},"2":{"name":"(anonymous_2)","decl":{"start":{"line":34,"column":46},"end":{"line":34,"column":47}},"loc":{"start":{"line":34,"column":61},"end":{"line":54,"column":5}},"line":34},"3":{"name":"(anonymous_3)","decl":{"start":{"line":46,"column":28},"end":{"line":46,"column":29}},"loc":{"start":{"line":46,"column":43},"end":{"line":49,"column":13}},"line":46}},"branchMap":{"0":{"loc":{"start":{"line":5,"column":4},"end":{"line":5,"column":25}},"type":"if","locations":[{"start":{"line":5,"column":4},"end":{"line":5,"column":25}},{"start":{},"end":{}}],"line":5},"1":{"loc":{"start":{"line":20,"column":4},"end":{"line":22,"column":5}},"type":"if","locations":[{"start":{"line":20,"column":4},"end":{"line":22,"column":5}},{"start":{},"end":{}}],"line":20},"2":{"loc":{"start":{"line":23,"column":4},"end":{"line":25,"column":5}},"type":"if","locations":[{"start":{"line":23,"column":4},"end":{"line":25,"column":5}},{"start":{},"end":{}}],"line":23},"3":{"loc":{"start":{"line":26,"column":4},"end":{"line":28,"column":5}},"type":"if","locations":[{"start":{"line":26,"column":4},"end":{"line":28,"column":5}},{"start":{},"end":{}}],"line":26},"4":{"loc":{"start":{"line":30,"column":4},"end":{"line":32,"column":5}},"type":"if","locations":[{"start":{"line":30,"column":4},"end":{"line":32,"column":5}},{"start":{},"end":{}}],"line":30},"5":{"loc":{"start":{"line":35,"column":8},"end":{"line":53,"column":9}},"type":"if","locations":[{"start":{"line":35,"column":8},"end":{"line":53,"column":9}},{"start":{"line":50,"column":13},"end":{"line":53,"column":9}}],"line":35},"6":{"loc":{"start":{"line":47,"column":16},"end":{"line":47,"column":55}},"type":"if","locations":[{"start":{"line":47,"column":16},"end":{"line":47,"column":55}},{"start":{},"end":{}}],"line":47},"7":{"loc":{"start":{"line":51,"column":12},"end":{"line":51,"column":86}},"type":"if","locations":[{"start":{"line":51,"column":12},"end":{"line":51,"column":86}},{"start":{},"end":{}}],"line":51}},"s":{"0":2,"1":2,"2":18,"3":18,"4":17,"5":1,"6":2,"7":21,"8":21,"9":21,"10":21,"11":21,"12":21,"13":21,"14":21,"15":21,"16":21,"17":1,"18":20,"19":1,"20":19,"21":1,"22":18,"23":1,"24":17,"25":17,"26":17,"27":17,"28":17,"29":0,"30":17,"31":0,"32":0,"33":0,"34":2},"f":{"0":18,"1":21,"2":17,"3":17},"b":{"0":[17,1],"1":[1,20],"2":[1,19],"3":[1,18],"4":[1,17],"5":[17,0],"6":[0,17],"7":[0,0]},"_coverageSchema":"1a1c01bbd47fc00a2c39e90264f33305004495a9","hash":"1293f324a41a25c9e7340a4a23f2aa900d2d609c"}
,"C:\\Users\\fusyr\\Documents\\Riccardo\\Uni\\3 Semestre\\Ingegneria del software\\ProgettoIS2022\\MaterialeD4\\Frontend_grafica2.0\\controllers\\referenceofferer.js": {"path":"C:\\Users\\fusyr\\Documents\\Riccardo\\Uni\\3 Semestre\\Ingegneria del software\\ProgettoIS2022\\MaterialeD4\\Frontend_grafica2.0\\controllers\\referenceofferer.js","statementMap":{"0":{"start":{"line":1,"column":25},"end":{"line":1,"column":62}},"1":{"start":{"line":2,"column":31},"end":{"line":7,"column":1}},"2":{"start":{"line":3,"column":4},"end":{"line":6,"column":6}},"3":{"start":{"line":4,"column":8},"end":{"line":4,"column":47}},"4":{"start":{"line":4,"column":16},"end":{"line":4,"column":47}},"5":{"start":{"line":5,"column":8},"end":{"line":5,"column":30}},"6":{"start":{"line":10,"column":28},"end":{"line":28,"column":1}},"7":{"start":{"line":11,"column":4},"end":{"line":27,"column":6}},"8":{"start":{"line":12,"column":8},"end":{"line":26,"column":9}},"9":{"start":{"line":13,"column":40},"end":{"line":18,"column":14}},"10":{"start":{"line":19,"column":12},"end":{"line":22,"column":14}},"11":{"start":{"line":20,"column":16},"end":{"line":20,"column":55}},"12":{"start":{"line":20,"column":24},"end":{"line":20,"column":55}},"13":{"start":{"line":21,"column":16},"end":{"line":21,"column":38}},"14":{"start":{"line":24,"column":12},"end":{"line":24,"column":86}},"15":{"start":{"line":24,"column":20},"end":{"line":24,"column":86}},"16":{"start":{"line":25,"column":12},"end":{"line":25,"column":67}},"17":{"start":{"line":31,"column":34},"end":{"line":36,"column":1}},"18":{"start":{"line":32,"column":4},"end":{"line":35,"column":6}},"19":{"start":{"line":33,"column":8},"end":{"line":33,"column":70}},"20":{"start":{"line":33,"column":16},"end":{"line":33,"column":70}},"21":{"start":{"line":34,"column":8},"end":{"line":34,"column":66}},"22":{"start":{"line":39,"column":31},"end":{"line":47,"column":1}},"23":{"start":{"line":40,"column":17},"end":{"line":40,"column":33}},"24":{"start":{"line":41,"column":17},"end":{"line":41,"column":33}},"25":{"start":{"line":43,"column":4},"end":{"line":46,"column":6}},"26":{"start":{"line":44,"column":8},"end":{"line":44,"column":80}},"27":{"start":{"line":44,"column":25},"end":{"line":44,"column":80}},"28":{"start":{"line":45,"column":8},"end":{"line":45,"column":30}},"29":{"start":{"line":50,"column":34},"end":{"line":58,"column":1}},"30":{"start":{"line":51,"column":17},"end":{"line":51,"column":33}},"31":{"start":{"line":52,"column":17},"end":{"line":52,"column":33}},"32":{"start":{"line":54,"column":4},"end":{"line":57,"column":6}},"33":{"start":{"line":55,"column":8},"end":{"line":55,"column":78}},"34":{"start":{"line":55,"column":25},"end":{"line":55,"column":78}},"35":{"start":{"line":56,"column":8},"end":{"line":56,"column":30}},"36":{"start":{"line":60,"column":0},"end":{"line":66,"column":2}}},"fnMap":{"0":{"name":"(anonymous_0)","decl":{"start":{"line":2,"column":31},"end":{"line":2,"column":32}},"loc":{"start":{"line":2,"column":51},"end":{"line":7,"column":1}},"line":2},"1":{"name":"(anonymous_1)","decl":{"start":{"line":3,"column":30},"end":{"line":3,"column":31}},"loc":{"start":{"line":3,"column":45},"end":{"line":6,"column":5}},"line":3},"2":{"name":"(anonymous_2)","decl":{"start":{"line":10,"column":28},"end":{"line":10,"column":29}},"loc":{"start":{"line":10,"column":48},"end":{"line":28,"column":1}},"line":10},"3":{"name":"(anonymous_3)","decl":{"start":{"line":11,"column":95},"end":{"line":11,"column":96}},"loc":{"start":{"line":11,"column":110},"end":{"line":27,"column":5}},"line":11},"4":{"name":"(anonymous_4)","decl":{"start":{"line":19,"column":37},"end":{"line":19,"column":38}},"loc":{"start":{"line":19,"column":52},"end":{"line":22,"column":13}},"line":19},"5":{"name":"(anonymous_5)","decl":{"start":{"line":31,"column":34},"end":{"line":31,"column":35}},"loc":{"start":{"line":31,"column":54},"end":{"line":36,"column":1}},"line":31},"6":{"name":"(anonymous_6)","decl":{"start":{"line":32,"column":36},"end":{"line":32,"column":37}},"loc":{"start":{"line":32,"column":51},"end":{"line":35,"column":5}},"line":32},"7":{"name":"(anonymous_7)","decl":{"start":{"line":39,"column":31},"end":{"line":39,"column":32}},"loc":{"start":{"line":39,"column":51},"end":{"line":47,"column":1}},"line":39},"8":{"name":"(anonymous_8)","decl":{"start":{"line":43,"column":77},"end":{"line":43,"column":78}},"loc":{"start":{"line":43,"column":92},"end":{"line":46,"column":5}},"line":43},"9":{"name":"(anonymous_9)","decl":{"start":{"line":50,"column":34},"end":{"line":50,"column":35}},"loc":{"start":{"line":50,"column":54},"end":{"line":58,"column":1}},"line":50},"10":{"name":"(anonymous_10)","decl":{"start":{"line":54,"column":79},"end":{"line":54,"column":80}},"loc":{"start":{"line":54,"column":94},"end":{"line":57,"column":5}},"line":54}},"branchMap":{"0":{"loc":{"start":{"line":4,"column":8},"end":{"line":4,"column":47}},"type":"if","locations":[{"start":{"line":4,"column":8},"end":{"line":4,"column":47}},{"start":{},"end":{}}],"line":4},"1":{"loc":{"start":{"line":12,"column":8},"end":{"line":26,"column":9}},"type":"if","locations":[{"start":{"line":12,"column":8},"end":{"line":26,"column":9}},{"start":{"line":23,"column":13},"end":{"line":26,"column":9}}],"line":12},"2":{"loc":{"start":{"line":20,"column":16},"end":{"line":20,"column":55}},"type":"if","locations":[{"start":{"line":20,"column":16},"end":{"line":20,"column":55}},{"start":{},"end":{}}],"line":20},"3":{"loc":{"start":{"line":24,"column":12},"end":{"line":24,"column":86}},"type":"if","locations":[{"start":{"line":24,"column":12},"end":{"line":24,"column":86}},{"start":{},"end":{}}],"line":24},"4":{"loc":{"start":{"line":33,"column":8},"end":{"line":33,"column":70}},"type":"if","locations":[{"start":{"line":33,"column":8},"end":{"line":33,"column":70}},{"start":{},"end":{}}],"line":33},"5":{"loc":{"start":{"line":44,"column":8},"end":{"line":44,"column":80}},"type":"if","locations":[{"start":{"line":44,"column":8},"end":{"line":44,"column":80}},{"start":{},"end":{}}],"line":44},"6":{"loc":{"start":{"line":44,"column":11},"end":{"line":44,"column":23}},"type":"binary-expr","locations":[{"start":{"line":44,"column":11},"end":{"line":44,"column":14}},{"start":{"line":44,"column":18},"end":{"line":44,"column":23}}],"line":44},"7":{"loc":{"start":{"line":55,"column":8},"end":{"line":55,"column":78}},"type":"if","locations":[{"start":{"line":55,"column":8},"end":{"line":55,"column":78}},{"start":{},"end":{}}],"line":55},"8":{"loc":{"start":{"line":55,"column":11},"end":{"line":55,"column":23}},"type":"binary-expr","locations":[{"start":{"line":55,"column":11},"end":{"line":55,"column":14}},{"start":{"line":55,"column":18},"end":{"line":55,"column":23}}],"line":55}},"s":{"0":2,"1":2,"
[...]
:{"line":117,"column":6}},"63":{"start":{"line":115,"column":8},"end":{"line":115,"column":47}},"64":{"start":{"line":115,"column":16},"end":{"line":115,"column":47}},"65":{"start":{"line":116,"column":8},"end":{"line":116,"column":30}},"66":{"start":{"line":120,"column":22},"end":{"line":129,"column":1}},"67":{"start":{"line":121,"column":16},"end":{"line":121,"column":31}},"68":{"start":{"line":123,"column":4},"end":{"line":128,"column":8}},"69":{"start":{"line":124,"column":4},"end":{"line":128,"column":5}},"70":{"start":{"line":125,"column":8},"end":{"line":125,"column":61}},"71":{"start":{"line":127,"column":8},"end":{"line":127,"column":34}},"72":{"start":{"line":131,"column":23},"end":{"line":140,"column":1}},"73":{"start":{"line":132,"column":16},"end":{"line":132,"column":31}},"74":{"start":{"line":134,"column":4},"end":{"line":139,"column":8}},"75":{"start":{"line":135,"column":4},"end":{"line":139,"column":5}},"76":{"start":{"line":136,"column":8},"end":{"line":136,"column":61}},"77":{"start":{"line":138,"column":8},"end":{"line":138,"column":34}},"78":{"start":{"line":142,"column":0},"end":{"line":155,"column":2}}},"fnMap":{"0":{"name":"(anonymous_0)","decl":{"start":{"line":4,"column":22},"end":{"line":4,"column":23}},"loc":{"start":{"line":4,"column":42},"end":{"line":9,"column":1}},"line":4},"1":{"name":"(anonymous_1)","decl":{"start":{"line":5,"column":21},"end":{"line":5,"column":22}},"loc":{"start":{"line":5,"column":36},"end":{"line":8,"column":5}},"line":5},"2":{"name":"(anonymous_2)","decl":{"start":{"line":12,"column":19},"end":{"line":12,"column":20}},"loc":{"start":{"line":12,"column":39},"end":{"line":38,"column":1}},"line":12},"3":{"name":"(anonymous_3)","decl":{"start":{"line":13,"column":46},"end":{"line":13,"column":47}},"loc":{"start":{"line":13,"column":61},"end":{"line":37,"column":5}},"line":13},"4":{"name":"(anonymous_4)","decl":{"start":{"line":29,"column":28},"end":{"line":29,"column":29}},"loc":{"start":{"line":29,"column":43},"end":{"line":32,"column":13}},"line":29},"5":{"name":"(anonymous_5)","decl":{"start":{"line":41,"column":25},"end":{"line":41,"column":26}},"loc":{"start":{"line":41,"column":45},"end":{"line":46,"column":1}},"line":41},"6":{"name":"(anonymous_6)","decl":{"start":{"line":42,"column":27},"end":{"line":42,"column":28}},"loc":{"start":{"line":42,"column":42},"end":{"line":45,"column":5}},"line":42},"7":{"name":"(anonymous_7)","decl":{"start":{"line":49,"column":22},"end":{"line":49,"column":23}},"loc":{"start":{"line":49,"column":42},"end":{"line":56,"column":1}},"line":49},"8":{"name":"(anonymous_8)","decl":{"start":{"line":52,"column":37},"end":{"line":52,"column":38}},"loc":{"start":{"line":52,"column":52},"end":{"line":55,"column":5}},"line":52},"9":{"name":"(anonymous_9)","decl":{"start":{"line":59,"column":25},"end":{"line":59,"column":26}},"loc":{"start":{"line":59,"column":45},"end":{"line":66,"column":1}},"line":59},"10":{"name":"(anonymous_10)","decl":{"start":{"line":62,"column":39},"end":{"line":62,"column":40}},"loc":{"start":{"line":62,"column":54},"end":{"line":65,"column":5}},"line":62},"11":{"name":"(anonymous_11)","decl":{"start":{"line":69,"column":35},"end":{"line":69,"column":36}},"loc":{"start":{"line":69,"column":55},"end":{"line":78,"column":1}},"line":69},"12":{"name":"(anonymous_12)","decl":{"start":{"line":72,"column":91},"end":{"line":72,"column":92}},"loc":{"start":{"line":72,"column":115},"end":{"line":77,"column":6}},"line":72},"13":{"name":"(anonymous_13)","decl":{"start":{"line":80,"column":39},"end":{"line":80,"column":40}},"loc":{"start":{"line":80,"column":59},"end":{"line":89,"column":1}},"line":80},"14":{"name":"(anonymous_14)","decl":{"start":{"line":83,"column":95},"end":{"line":83,"column":96}},"loc":{"start":{"line":83,"column":119},"end":{"line":88,"column":6}},"line":83},"15":{"name":"(anonymous_15)","decl":{"start":{"line":91,"column":42},"end":{"line":91,"column":43}},"loc":{"start":{"line":91,"column":62},"end":{"line":100,"column":1}},"line":91},"16":{"name":"(anonymous_16)","decl":{"start":{"line":94,"column":104},"end":{"line":94,"column":105}},"loc":{"start":{"line":94,"column":128},"end":{"line":99,"column":6}},"line":94},"17":{"name":"(anonymous_17)","decl":{"start":{"line":102,"column":24},"end":{"line":102,"column":25}},"loc":{"start":{"line":102,"column":44},"end":{"line":109,"column":1}},"line":102},"18":{"name":"(anonymous_18)","decl":{"start":{"line":105,"column":50},"end":{"line":105,"column":51}},"loc":{"start":{"line":105,"column":65},"end":{"line":108,"column":5}},"line":105},"19":{"name":"(anonymous_19)","decl":{"start":{"line":111,"column":28},"end":{"line":111,"column":29}},"loc":{"start":{"line":111,"column":48},"end":{"line":118,"column":1}},"line":111},"20":{"name":"(anonymous_20)","decl":{"start":{"line":114,"column":46},"end":{"line":114,"column":47}},"loc":{"start":{"line":114,"column":61},"end":{"line":117,"column":5}},"line":114},"21":{"name":"(anonymous_21)","decl":{"start":{"line":120,"column":22},"end":{"line":120,"column":23}},"loc":{"start":{"line":120,"column":42},"end":{"line":129,"column":1}},"line":120},"22":{"name":"(anonymous_22)","decl":{"start":{"line":123,"column":88},"end":{"line":123,"column":89}},"loc":{"start":{"line":123,"column":112},"end":{"line":128,"column":6}},"line":123},"23":{"name":"(anonymous_23)","decl":{"start":{"line":131,"column":23},"end":{"line":131,"column":24}},"loc":{"start":{"line":131,"column":43},"end":{"line":140,"column":1}},"line":131},"24":{"name":"(anonymous_24)","decl":{"start":{"line":134,"column":98},"end":{"line":134,"column":99}},"loc":{"start":{"line":134,"column":122},"end":{"line":139,"column":6}},"line":134}},"branchMap":{"0":{"loc":{"start":{"line":6,"column":8},"end":{"line":6,"column":47}},"type":"if","locations":[{"start":{"line":6,"column":8},"end":{"line":6,"column":47}},{"start":{},"end":{}}],"line":6},"1":{"loc":{"start":{"line":14,"column":8},"end":{"line":36,"column":9}},"type":"if","locations":[{"start":{"line":14,"column":8},"end":{"line":36,"column":9}},{"start":{"line":33,"column":13},"end":{"line":36,"column":9}}],"line":14},"2":{"loc":{"start":{"line":30,"column":16},"end":{"line":30,"column":55}},"type":"if","locations":[{"start":{"line":30,"column":16},"end":{"line":30,"column":55}},{"start":{},"end":{}}],"line":30},"3":{"loc":{"start":{"line":34,"column":12},"end":{"line":34,"column":86}},"type":"if","locations":[{"start":{"line":34,"column":12},"end":{"line":34,"column":86}},{"start":{},"end":{}}],"line":34},"4":{"loc":{"start":{"line":43,"column":8},"end":{"line":43,"column":70}},"type":"if","locations":[{"start":{"line":43,"column":8},"end":{"line":43,"column":70}},{"start":{},"end":{}}],"line":43},"5":{"loc":{"start":{"line":53,"column":8},"end":{"line":53,"column":78}},"type":"if","locations":[{"start":{"line":53,"column":8},"end":{"line":53,"column":78}},{"start":{},"end":{}}],"line":53},"6":{"loc":{"start":{"line":53,"column":11},"end":{"line":53,"column":23}},"type":"binary-expr","locations":[{"start":{"line":53,"column":11},"end":{"line":53,"column":14}},{"start":{"line":53,"column":18},"end":{"line":53,"column":23}}],"line":53},"7":{"loc":{"start":{"line":63,"column":8},"end":{"line":63,"column":78}},"type":"if","locations":[{"start":{"line":63,"column":8},"end":{"line":63,"column":78}},{"start":{},"end":{}}],"line":63},"8":{"loc":{"start":{"line":63,"column":11},"end":{"line":63,"column":23}},"type":"binary-expr","locations":[{"start":{"line":63,"column":11},"end":{"line":63,"column":14}},{"start":{"line":63,"column":18},"end":{"line":63,"column":23}}],"line":63},"9":{"loc":{"start":{"line":73,"column":4},"end":{"line":77,"column":5}},"type":"if","locations":[{"start":{"line":73,"column":4},"end":{"line":77,"column":5}},{"start":{"line":75,"column":11},"end":{"line":77,"column":5}}],"line":73},"10":{"loc":{"start":{"line":84,"column":4},"end":{"line":88,"column":5}},"type":"if","locations":[{"start":{"line":84,"column":4},"end":{"line":88,"column":5}},{"start":{"line":86,"column":11},"end":{"line":88,"column":5}}],"line":84},"11":{"loc":{"start":{"line":95,"column":4},"end":{"line":99,"column":5}},"type":"if","locations":[{"start":{"line":95,"column":4},"end":{"line":99,"column":5}},{"start":{"line":97,"column":11},"end":{"line":99,"column":5}}],"line":95},"12":{"loc":{"start":{"line":106,"column":8},"end":{"line":106,"column":47}},"type":"if","locations":[{"start":{"line":106,"column":8},"end":{"line":106,"column":47}},{"start":{},"end":{}}],"line":106},"13":{"loc":{"start":{"line":115,"column":8},"end":{"line":115,"column":47}},"type":"if","locations":[{"start":{"line":115,"column":8},"end":{"line":115,"column":47}},{"start":{},"end":{}}],"line":115},"14":{"loc":{"start":{"line":124,"column":4},"end":{"line":128,"column":5}},"type":"if","locations":[{"start":{"line":124,"column":4},"end":{"line":128,"column":5}},{"start":{"line":126,"column":11},"end":{"line":128,"column":5}}],"line":124},"15":{"loc":{"start":{"line":135,"column":4},"end":{"line":139,"column":5}},"type":"if","locations":[{"start":{"line":135,"column":4},"end":{"line":139,"column":5}},{"start":{"line":137,"column":11},"end":{"line":139,"column":5}}],"line":135}},"s":{"0":2,"1":2,"2":2,"3":2,"4":0,"5":0,"6":0,"7":0,"8":2,"9":0,"10":0,"11":0,"12":0,"13":0,"14":0,"15":0,"16":0,"17":0,"18":0,"19":2,"20":0,"21":0,"22":0,"23":0,"24":2,"25":0,"26":0,"27":0,"28":0,"29":0,"30":2,"31":0,"32":0,"33":0,"34":0,"35":0,"36":2,"37":0,"38":0,"39":0,"40":0,"41":0,"42":2,"43":0,"44":0,"45":0,"46":0,"47":0,"48":2,"49":0,"50":0,"51":0,"52":0,"53":0,"54":2,"55":0,"56":0,"57":0,"58":0,"59":0,"60":2,"61":0,"62":0,"63":0,"64":0,"65":0,"66":2,"67":0,"68":0,"69":0,"70":0,"71":0,"72":2,"73":0,"74":0,"75":0,"76":0,"77":0,"78":2},"f":{"0":0,"1":0,"2":0,"3":0,"4":0,"5":0,"6":0,"7":0,"8":0,"9":0,"10":0,"11":0,"12":0,"13":0,"14":0,"15":0,"16":0,"17":0,"18":0,"19":0,"20":0,"21":0,"22":0,"23":0,"24":0},"b":{"0":[0,0],"1":[0,0],"2":[0,0],"3":[0,0],"4":[0,0],"5":[0,0],"6":[0,0],"7":[0,0],"8":[0,0],"9":[0,0],"10":[0,0],"11":[0,0],"12":[0,0],"13":[0,0],"14":[0,0],"15":[0,0]},"_coverageSchema":"1a1c01bbd47fc00a2c39e90264f33305004495a9","hash":"ec7f9d4054739e341ad248ba7e06569cef72a942"}
,"C:\\Users\\fusyr\\Documents\\Riccardo\\Uni\\3 Semestre\\Ingegneria del software\\ProgettoIS2022\\MaterialeD4\\Frontend_grafica2.0\\models\\announcement.js": {"path":"C:\\Users\\fusyr\\Documents\\Riccardo\\Uni\\3 Semestre\\Ingegneria del software\\ProgettoIS2022\\MaterialeD4\\Frontend_grafica2.0\\models\\announcement.js","statementMap":{"0":{"start":{"line":1,"column":17},"end":{"line":1,"column":36}},"1":{"start":{"line":3,"column":34},"end":{"line":34,"column":2}},"2":{"start":{"line":36,"column":28},"end":{"line":36,"column":92}},"3":{"start":{"line":37,"column":0},"end":{"line":37,"column":37}}},"fnMap":{},"branchMap":{},"s":{"0":2,"1":2,"2":2,"3":2},"f":{},"b":{},"_coverageSchema":"1a1c01bbd47fc00a2c39e90264f33305004495a9","hash":"5b8ac714e0dc42ceeffb99b5d45251f8dfadf535"}
,"C:\\Users\\fusyr\\Documents\\Riccardo\\Uni\\3 Semestre\\Ingegneria del software\\ProgettoIS2022\\MaterialeD4\\Frontend_grafica2.0\\models\\availability.js": {"path":"C:\\Users\\fusyr\\Documents\\Riccardo\\Uni\\3 Semestre\\Ingegneria del software\\ProgettoIS2022\\MaterialeD4\\Frontend_grafica2.0\\models\\availability.js","statementMap":{"0":{"start":{"line":1,"column":17},"end":{"line":1,"column":36}},"1":{"start":{"line":3,"column":27},"end":{"line":22,"column":2}},"2":{"start":{"line":24,"column":21},"end":{"line":24,"column":71}},"3":{"start":{"line":25,"column":0},"end":{"line":25,"column":30}}},"fnMap":{},"branchMap":{},"s":{"0":2,"1":2,"2":2,"3":2},"f":{},"b":{},"_coverageSchema":"1a1c01bbd47fc00a2c39e90264f33305004495a9","hash":"769a8dfcd88bdf3b21ac31883053bc8ea5bb9506"}
,"C:\\Users\\fusyr\\Documents\\Riccardo\\Uni\\3 Semestre\\Ingegneria del software\\ProgettoIS2022\\MaterialeD4\\Frontend_grafica2.0\\models\\offerer.js": {"path":"C:\\Users\\fusyr\\Documents\\Riccardo\\Uni\\3 Semestre\\Ingegneria del software\\ProgettoIS2022\\MaterialeD4\\Frontend_grafica2.0\\models\\offerer.js","statementMap":{"0":{"start":{"line":1,"column":17},"end":{"line":1,"column":36}},"1":{"start":{"line":3,"column":22},"end":{"line":13,"column":2}},"2":{"start":{"line":15,"column":16},"end":{"line":15,"column":56}},"3":{"start":{"line":16,"column":0},"end":{"line":16,"column":25}}},"fnMap":{},"branchMap":{},"s":{"0":2,"1":2,"2":2,"3":2},"f":{},"b":{},"_coverageSchema":"1a1c01bbd47fc00a2c39e90264f33305004495a9","hash":"39277e59a1f1220a0f3ac3d2373c85226ff6bf79"}
,"C:\\Users\\fusyr\\Documents\\Riccardo\\Uni\\3 Semestre\\Ingegneria del software\\ProgettoIS2022\\MaterialeD4\\Frontend_grafica2.0\\models\\referenceofferer.js": {"path":"C:\\Users\\fusyr\\Documents\\Riccardo\\Uni\\3 Semestre\\Ingegneria del software\\ProgettoIS2022\\MaterialeD4\\Frontend_grafica2.0\\models\\referenceofferer.js","statementMap":{"0":{"start":{"line":1,"column":17},"end":{"line":1,"column":36}},"1":{"start":{"line":3,"column":31},"end":{"line":8,"column":2}},"2":{"start":{"line":10,"column":25},"end":{"line":10,"column":83}},"3":{"start":{"line":11,"column":0},"end":{"line":11,"column":34}}},"fnMap":{},"branchMap":{},"s":{"0":2,"1":2,"2":2,"3":2},"f":{},"b":{},"_coverageSchema":"1a1c01bbd47fc00a2c39e90264f33305004495a9","hash":"ec783ba1da0eb413a902161d234ec6eb1faba513"}
,"C:\\Users\\fusyr\\Documents\\Riccardo\\Uni\\3 Semestre\\Ingegneria del software\\ProgettoIS2022\\MaterialeD4\\Frontend_grafica2.0\\models\\referencestudent.js": {"path":"C:\\Users\\fusyr\\Documents\\Riccardo\\Uni\\3 Semestre\\Ingegneria del software\\ProgettoIS2022\\MaterialeD4\\Frontend_grafica2.0\\models\\referencestudent.js","statementMap":{"0":{"start":{"line":1,"column":17},"end":{"line":1,"column":36}},"1":{"start":{"line":3,"column":31},"end":{"line":8,"column":2}},"2":{"start":{"line":10,"column":25},"end":{"line":10,"column":83}},"3":{"start":{"line":11,"column":0},"end":{"line":11,"column":34}}},"fnMap":{},"branchMap":{},"s":{"0":2,"1":2,"2":2,"3":2},"f":{},"b":{},"_coverageSchema":"1a1c01bbd47fc00a2c39e90264f33305004495a9","hash":"edd7b034d8d2da6ea6960fd6d70724cad53457ed"}
,"C:\\Users\\fusyr\\Documents\\Riccardo\\Uni\\3 Semestre\\Ingegneria del software\\ProgettoIS2022\\MaterialeD4\\Frontend_grafica2.0\\models\\student.js": {"path":"C:\\Users\\fusyr\\Documents\\Riccardo\\Uni\\3 Semestre\\Ingegneria del software\\ProgettoIS2022\\MaterialeD4\\Frontend_grafica2.0\\models\\student.js","statementMap":{"0":{"start":{"line":1,"column":17},"end":{"line":1,"column":36}},"1":{"start":{"line":3,"column":22},"end":{"line":23,"column":2}},"2":{"start":{"line":25,"column":16},"end":{"line":25,"column":56}},"3":{"start":{"line":26,"column":0},"end":{"line":26,"column":25}}},"fnMap":{},"branchMap":{},"s":{"0":2,"1":2,"2":2,"3":2},"f":{},"b":{},"_coverageSchema":"1a1c01bbd47fc00a2c39e90264f33305004495a9","hash":"dd8029dcd12a51f6c85fa095a6eb4dcc131c2ec7"}
,"C:\\Users\\fusyr\\Documents\\Riccardo\\Uni\\3 Semestre\\Ingegneria del software\\ProgettoIS2022\\MaterialeD4\\Frontend_grafica2.0\\routes\\routes.js": {"path":"C:\\Users\\fusyr\\Documents\\Riccardo\\Uni\\3 Semestre\\Ingegneria del software\\ProgettoIS2022\\MaterialeD4\\Frontend_grafica2.0\\routes\\routes.js","statementMap":{"0":{"start":{"line":1,"column":16},"end":{"line":1,"column":34}},"1":{"start":{"line":2,"column":16},"end":{"line":2,"column":32}},"2":{"start":{"line":3,"column":26},"end":{"line":3,"column":59}},"3":{"start":{"line":4,"column":26},"end":{"line":4,"column":59}},"4":{"start":{"line":5,"column":31},"end":{"line":5,"column":69}},"5":{"start":{"line":6,"column":35},"end":{"line":6,"column":77}},"6":{"start":{"line":7,"column":35},"end":{"line":7,"column":77}},"7":{"start":{"line":8,"column":31},"end":{"line":8,"column":69}},"8":{"start":{"line":9,"column":38},"end":{"line":9,"column":83}},"9":{"start":{"line":10,"column":31},"end":{"line":10,"column":69}},"10":{"start":{"line":12,"column":15},"end":{"line":12,"column":32}},"11":{"start":{"line":13,"column":15},"end":{"line":13,"column":23}},"12":{"start":{"line":16,"column":0},"end":{"line":16,"column":60}},"13":{"start":{"line":17,"column":0},"end":{"line":17,"column":73}},"14":{"start":{"line":18,"column":0},"end":{"line":18,"column":66}},"15":{"start":{"line":19,"column":0},"end":{"line":19,"column":66}},"16":{"start":{"line":20,"column":0},"end":{"line":20,"column":72}},"17":{"start":{"line":21,"column":0},"end":{"line":21,"column":98}},"18":{"start":{"line":22,"column":0},"end":{"line":22,"column":106}},"19":{"start":{"line":23,"column":0},"end":{"line":23,"column":112}},"20":{"start":{"line":24,"column":0},"end":{"line":24,"column":87}},"21":{"start":{"line":25,"column":0},"end":{"line":25,"column":79}},"22":{"start":{"line":26,"column":0},"end":{"line":26,"column":78}},"23":{"start":{"line":27,"column":0},"end":{"line":27,"column":80}},"24":{"start":{"line":31,"column":0},"end":{"line":31,"column":85}},"25":{"start":{"line":33,"column":0},"end":{"line":33,"column":67}},"26":{"start":{"line":35,"column":0},"end":{"line":35,"column":71}},"27":{"start":{"line":37,"column":0},"end":{"line":37,"column":72}},"28":{"start":{"line":39,"column":0},"end":{"line":39,"column":72}},"29":{"start":{"line":41,"column":0},"end":{"line":41,"column":74}},"30":{"start":{"line":43,"column":0},"end":{"line":43,"column":60}},"31":{"start":{"line":45,"column":0},"end":{"line":45,"column":66}},"32":{"start":{"line":47,"column":0},"end":{"line":47,"column":68}},"33":{"start":{"line":49,"column":0},"end":{"line":49,"column":73}},"34":{"start":{"line":53,"column":0},"end":{"line":53,"column":88}},"35":{"start":{"line":55,"column":0},"end":{"line":55,"column":88}},"36":{"start":{"line":57,"column":0},"end":{"line":57,"column":89}},"37":{"start":{"line":59,"column":0},"end":{"line":59,"column":86}},"38":{"start":{"line":60,"column":0},"end":{"line":60,"column":99}},"39":{"start":{"line":61,"column":0},"end":{"line":61,"column":81}},"40":{"start":{"line":64,"column":0},"end":{"line":64,"column":87}},"41":{"start":{"line":65,"column":0},"end":{"line":65,"column":100}},"42":{"start":{"line":66,"column":0},"end":{"line":66,"column":93}},"43":{"start":{"line":67,"column":0},"end":{"line":67,"column":94}},"44":{"start":{"line":68,"column":0},"end":{"line":68,"column":100}},"45":{"start":{"line":71,"column":0},"end":{"line":71,"column":87}},"46":{"start":{"line":72,"column":0},"end":{"line":72,"column":100}},"47":{"start":{"line":73,"column":0},"end":{"line":73,"column":93}},"48":{"start":{"line":74,"column":0},"end":{"line":74,"column":94}},"49":{"start":{"line":75,"column":0},"end":{"line":75,"column":100}},"50":{"start":{"line":78,"column":0},"end":{"line":78,"column":75}},"51":{"start":{"line":79,"column":0},"end":{"line":79,"column":88}},"52":{"start":{"line":80,"column":0},"end":{"line":80,"column":81}},"53":{"start":{"line":81,"column":0},"end":{"line":81,"column":78}},"54":{"start":{"line":82,"column":0},"end":{"line":82,"column":84}},"55":{"start":{"line":83,"column":0},"end":{"line":83,"column":73}},"56":{"start":{"line":84,"column":0},"end":{"line":84,"column":83}},"57":{"start":{"line":85,"column":0},"end":{"line":85,"column":80}},"58":{"start":{"line":86,"column":0},"end":{"line":86,"column":83}},"59":{"start":{"line":87,"column":0},"end":{"line":87,"column":86}},"60":{"start":{"line":89,"column":0},"end":{"line":89,"column":24}}},"fnMap":{},"branchMap":{},"s":{"0":2,"1":2,"2":2,"3":2,"4":2,"5":2,"6":2,"7":2,"8":2,"9":2,"10":2,"11":2,"12":2,"13":2,"14":2,"15":2,"16":2,"17":2,"18":2,"19":2,"20":2,"21":2,"22":2,"23":2,"24":2,"25":2,"26":2,"27":2,"28":2,"29":2,"30":2,"31":2,"32":2,"33":2,"34":2,"35":2,"36":2,"37":2,"38":2,"39":2,"40":2,"41":2,"42":2,"43":2,"44":2,"45":2,"46":2,"47":2,"48":2,"49":2,"50":2,"51":2,"52":2,"53":2,"54":2,"55":2,"56":2,"57":2,"58":2,"59":2,"60":2},"f":{},"b":{},"_coverageSchema":"1a1c01bbd47fc00a2c39e90264f33305004495a9","hash":"ffdf0b3f7a5f67a5f7fde3bc2285245030c4a4c6"}
}
