TN:
SF:server.js
FN:21,(anonymous_0)
FN:28,(anonymous_1)
FN:32,(anonymous_2)
FN:36,(anonymous_3)
FN:40,(anonymous_4)
FN:44,(anonymous_5)
FN:48,(anonymous_6)
FN:52,(anonymous_7)
FN:56,(anonymous_8)
FN:60,(anonymous_9)
FN:64,(anonymous_10)
FN:79,(anonymous_11)
FN:84,(anonymous_12)
FN:96,(anonymous_13)
FNF:14
FNH:2
FNDA:0,(anonymous_0)
FNDA:0,(anonymous_1)
FNDA:0,(anonymous_2)
FNDA:0,(anonymous_3)
FNDA:0,(anonymous_4)
FNDA:0,(anonymous_5)
FNDA:0,(anonymous_6)
FNDA:0,(anonymous_7)
FNDA:0,(anonymous_8)
FNDA:0,(anonymous_9)
FNDA:0,(anonymous_10)
FNDA:0,(anonymous_11)
FNDA:2,(anonymous_12)
FNDA:2,(anonymous_13)
DA:1,2
DA:2,2
DA:3,2
DA:4,2
DA:8,2
DA:10,2
DA:11,2
DA:12,2
DA:21,2
DA:22,0
DA:23,0
DA:28,2
DA:29,0
DA:32,2
DA:33,0
DA:36,2
DA:37,0
DA:40,2
DA:41,0
DA:44,2
DA:45,0
DA:48,2
DA:49,0
DA:52,2
DA:53,0
DA:56,2
DA:57,0
DA:60,2
DA:61,0
DA:64,2
DA:65,0
DA:68,2
DA:69,2
DA:72,2
DA:79,2
DA:80,0
DA:81,0
DA:84,2
DA:85,2
DA:89,2
DA:90,2
DA:93,2
DA:97,2
DA:98,2
DA:102,2
LF:45
LH:31
BRDA:84,0,0,2
BRDA:84,0,1,0
BRDA:97,1,0,0
BRDA:97,1,1,2
BRF:4
BRH:2
end_of_record
TN:
SF:controllers\announcement.js
FN:4,(anonymous_0)
FN:5,(anonymous_1)
FN:11,(anonymous_2)
FN:45,(anonymous_3)
FN:67,(anonymous_4)
FN:79,(anonymous_5)
FN:80,(anonymous_6)
FN:87,(anonymous_7)
FN:90,(anonymous_8)
FN:96,(anonymous_9)
FN:99,(anonymous_10)
FN:105,(anonymous_11)
FN:110,(anonymous_12)
FN:114,(anonymous_13)
FNF:14
FNH:6
FNDA:1,(anonymous_0)
FNDA:1,(anonymous_1)
FNDA:1,(anonymous_2)
FNDA:1,(anonymous_3)
FNDA:0,(anonymous_4)
FNDA:1,(anonymous_5)
FNDA:1,(anonymous_6)
FNDA:0,(anonymous_7)
FNDA:0,(anonymous_8)
FNDA:0,(anonymous_9)
FNDA:0,(anonymous_10)
FNDA:0,(anonymous_11)
FNDA:0,(anonymous_12)
FNDA:0,(anonymous_13)
DA:1,2
DA:2,2
DA:4,2
DA:5,1
DA:6,1
DA:7,1
DA:11,2
DA:12,1
DA:13,1
DA:14,1
DA:15,1
DA:16,1
DA:17,1
DA:18,1
DA:19,1
DA:20,0
DA:22,1
DA:23,0
DA:25,1
DA:26,0
DA:28,1
DA:29,0
DA:31,1
DA:32,0
DA:33,1
DA:34,0
DA:36,1
DA:37,0
DA:39,1
DA:40,0
DA:42,1
DA:43,0
DA:45,1
DA:46,1
DA:47,0
DA:67,0
DA:68,0
DA:69,0
DA:72,1
DA:73,1
DA:79,2
DA:80,1
DA:81,1
DA:82,1
DA:87,2
DA:88,0
DA:90,0
DA:91,0
DA:92,0
DA:96,2
DA:97,0
DA:99,0
DA:100,0
DA:101,0
DA:105,2
DA:106,0
DA:108,0
DA:110,0
DA:111,0
DA:114,0
DA:115,0
DA:116,0
DA:117,0
DA:118,0
DA:122,2
LF:65
LH:35
BRDA:6,0,0,0
BRDA:6,0,1,1
BRDA:6,1,0,1
BRDA:6,1,1,1
BRDA:19,2,0,0
BRDA:19,2,1,1
BRDA:19,3,0,1
BRDA:19,3,1,1
BRDA:22,4,0,0
BRDA:22,4,1,1
BRDA:22,5,0,1
BRDA:22,5,1,1
BRDA:25,6,0,0
BRDA:25,6,1,1
BRDA:25,7,0,1
BRDA:25,7,1,1
BRDA:28,8,0,0
BRDA:28,8,1,1
BRDA:28,9,0,1
BRDA:28,9,1,1
BRDA:31,10,0,0
BRDA:31,10,1,1
BRDA:33,11,0,0
BRDA:33,11,1,1
BRDA:33,12,0,1
BRDA:33,12,1,0
BRDA:36,13,0,0
BRDA:36,13,1,1
BRDA:39,14,0,0
BRDA:39,14,1,1
BRDA:39,15,0,1
BRDA:39,15,1,1
BRDA:42,16,0,0
BRDA:42,16,1,1
BRDA:42,17,0,1
BRDA:42,17,1,1
BRDA:46,18,0,0
BRDA:46,18,1,1
BRDA:68,19,0,0
BRDA:68,19,1,0
BRDA:68,20,0,0
BRDA:68,20,1,0
BRDA:72,21,0,0
BRDA:72,21,1,1
BRDA:72,22,0,1
BRDA:72,22,1,1
BRDA:81,23,0,0
BRDA:81,23,1,1
BRDA:91,24,0,0
BRDA:91,24,1,0
BRDA:91,25,0,0
BRDA:91,25,1,0
BRDA:100,26,0,0
BRDA:100,26,1,0
BRDA:100,27,0,0
BRDA:100,27,1,0
BRDA:111,28,0,0
BRDA:111,28,1,0
BRDA:111,29,0,0
BRDA:111,29,1,0
BRDA:115,30,0,0
BRDA:115,30,1,0
BRDA:115,31,0,0
BRDA:115,31,1,0
BRF:64
BRH:30
end_of_record
TN:
SF:controllers\availability.js
FN:3,(anonymous_0)
FN:4,(anonymous_1)
FN:10,(anonymous_2)
FN:55,(anonymous_3)
FN:74,(anonymous_4)
FN:86,(anonymous_5)
FN:87,(anonymous_6)
FN:94,(anonymous_7)
FN:97,(anonymous_8)
FN:104,(anonymous_9)
FN:107,(anonymous_10)
FN:113,(anonymous_11)
FN:135,(anonymous_12)
FN:143,(anonymous_13)
FN:161,(anonymous_14)
FN:169,(anonymous_15)
FN:187,(anonymous_16)
FN:195,(anonymous_17)
FN:209,(anonymous_18)
FN:217,(anonymous_19)
FN:276,(anonymous_20)
FNF:21
FNH:0
FNDA:0,(anonymous_0)
FNDA:0,(anonymous_1)
FNDA:0,(anonymous_2)
FNDA:0,(anonymous_3)
FNDA:0,(anonymous_4)
FNDA:0,(anonymous_5)
FNDA:0,(anonymous_6)
FNDA:0,(anonymous_7)
FNDA:0,(anonymous_8)
FNDA:0,(anonymous_9)
FNDA:0,(anonymous_10)
FNDA:0,(anonymous_11)
FNDA:0,(anonymous_12)
FNDA:0,(anonymous_13)
FNDA:0,(anonymous_14)
FNDA:0,(anonymous_15)
FNDA:0,(anonymous_16)
FNDA:0,(anonymous_17)
FNDA:0,(anonymous_18)
FNDA:0,(anonymous_19)
FNDA:0,(anonymous_20)
DA:1,2
DA:3,2
DA:4,0
DA:5,0
DA:6,0
DA:10,2
DA:11,0
DA:12,0
DA:13,0
DA:14,0
DA:15,0
DA:16,0
DA:17,0
DA:18,0
DA:19,0
DA:20,0
DA:22,0
DA:23,0
DA:25,0
DA:26,0
DA:28,0
DA:29,0
DA:31,0
DA:32,0
DA:33,0
DA:34,0
DA:36,0
DA:37,0
DA:39,0
DA:40,0
DA:42,0
DA:43,0
DA:45,0
DA:56,0
DA:57,0
DA:74,0
DA:75,0
DA:76,0
DA:79,0
DA:80,0
DA:86,2
DA:87,0
DA:88,0
DA:89,0
DA:94,2
DA:95,0
DA:97,0
DA:98,0
DA:99,0
DA:104,2
DA:105,0
DA:107,0
DA:108,0
DA:109,0
DA:113,2
DA:114,0
DA:116,0
DA:117,0
DA:118,0
DA:119,0
DA:120,0
DA:122,0
DA:123,0
DA:125,0
DA:126,0
DA:129,0
DA:136,0
DA:137,0
DA:139,0
DA:143,2
DA:144,0
DA:146,0
DA:147,0
DA:150,0
DA:151,0
DA:153,0
DA:154,0
DA:156,0
DA:162,0
DA:163,0
DA:165,0
DA:169,2
DA:170,0
DA:172,0
DA:173,0
DA:176,0
DA:177,0
DA:179,0
DA:180,0
DA:182,0
DA:188,0
DA:189,0
DA:191,0
DA:195,2
DA:196,0
DA:198,0
DA:199,0
DA:204,0
DA:207,0
DA:210,0
DA:211,0
DA:213,0
DA:217,2
DA:218,0
DA:220,0
DA:221,0
DA:222,0
DA:223,0
DA:224,0
DA:225,0
DA:226,0
DA:227,0
DA:228,0
DA:229,0
DA:231,0
DA:232,0
DA:234,0
DA:235,0
DA:237,0
DA:238,0
DA:240,0
DA:241,0
DA:242,0
DA:243,0
DA:245,0
DA:246,0
DA:248,0
DA:249,0
DA:251,0
DA:252,0
DA:254,0
DA:259,0
DA:261,0
DA:277,0
DA:278,0
DA:280,0
DA:284,2
LF:137
LH:12
BRDA:5,0,0,0
BRDA:5,0,1,0
BRDA:19,1,0,0
BRDA:19,1,1,0
BRDA:19,2,0,0
BRDA:19,2,1,0
BRDA:22,3,0,0
BRDA:22,3,1,0
BRDA:22,4,0,0
BRDA:22,4,1,0
BRDA:25,5,0,0
BRDA:25,5,1,0
BRDA:25,6,0,0
BRDA:25,6,1,0
BRDA:28,7,0,0
BRDA:28,7,1,0
BRDA:28,8,0,0
BRDA:28,8,1,0
BRDA:31,9,0,0
BRDA:31,9,1,0
BRDA:33,10,0,0
BRDA:33,10,1,0
BRDA:33,11,0,0
BRDA:33,11,1,0
BRDA:36,12,0,0
BRDA:36,12,1,0
BRDA:39,13,0,0
BRDA:39,13,1,0
BRDA:39,14,0,0
BRDA:39,14,1,0
BRDA:42,15,0,0
BRDA:42,15,1,0
BRDA:42,16,0,0
BRDA:42,16,1,0
BRDA:56,17,0,0
BRDA:56,17,1,0
BRDA:75,18,0,0
BRDA:75,18,1,0
BRDA:79,19,0,0
BRDA:79,19,1,0
BRDA:88,20,0,0
BRDA:88,20,1,0
BRDA:98,21,0,0
BRDA:98,21,1,0
BRDA:98,22,0,0
BRDA:98,22,1,0
BRDA:108,23,0,0
BRDA:108,23,1,0
BRDA:108,24,0,0
BRDA:108,24,1,0
BRDA:119,25,0,0
BRDA:119,25,1,0
BRDA:122,26,0,0
BRDA:122,26,1,0
BRDA:122,27,0,0
BRDA:122,27,1,0
BRDA:125,28,0,0
BRDA:125,28,1,0
BRDA:125,29,0,0
BRDA:125,29,1,0
BRDA:136,30,0,0
BRDA:136,30,1,0
BRDA:150,31,0,0
BRDA:150,31,1,0
BRDA:150,32,0,0
BRDA:150,32,1,0
BRDA:153,33,0,0
BRDA:153,33,1,0
BRDA:153,34,0,0
BRDA:153,34,1,0
BRDA:162,35,0,0
BRDA:162,35,1,0
BRDA:176,36,0,0
BRDA:176,36,1,0
BRDA:176,37,0,0
BRDA:176,37,1,0
BRDA:179,38,0,0
BRDA:179,38,1,0
BRDA:179,39,0,0
BRDA:179,39,1,0
BRDA:188,40,0,0
BRDA:188,40,1,0
BRDA:199,41,0,0
BRDA:199,41,1,0
BRDA:199,42,0,0
BRDA:199,42,1,0
BRDA:199,42,2,0
BRDA:199,42,3,0
BRDA:199,42,4,0
BRDA:210,43,0,0
BRDA:210,43,1,0
BRDA:228,44,0,0
BRDA:228,44,1,0
BRDA:228,45,0,0
BRDA:228,45,1,0
BRDA:231,46,0,0
BRDA:231,46,1,0
BRDA:231,47,0,0
BRDA:231,47,1,0
BRDA:234,48,0,0
BRDA:234,48,1,0
BRDA:234,49,0,0
BRDA:234,49,1,0
BRDA:237,50,0,0
BRDA:237,50,1,0
BRDA:237,51,0,0
BRDA:237,51,1,0
BRDA:240,52,0,0
BRDA:240,52,1,0
BRDA:242,53,0,0
BRDA:242,53,1,0
BRDA:242,54,0,0
BRDA:242,54,1,0
BRDA:245,55,0,0
BRDA:245,55,1,0
BRDA:248,56,0,0
BRDA:248,56,1,0
BRDA:248,57,0,0
BRDA:248,57,1,0
BRDA:251,58,0,0
BRDA:251,58,1,0
BRDA:251,59,0,0
BRDA:251,59,1,0
BRDA:254,60,0,0
BRDA:254,60,1,0
BRDA:254,61,0,0
BRDA:254,61,1,0
BRDA:254,61,2,0
BRDA:254,61,3,0
BRDA:254,61,4,0
BRDA:277,62,0,0
BRDA:277,62,1,0
BRF:132
BRH:0
end_of_record
TN:
SF:controllers\offerer.js
FN:3,(anonymous_0)
FN:6,(anonymous_1)
FN:9,(anonymous_2)
FN:16,(anonymous_3)
FN:19,(anonymous_4)
FN:25,(anonymous_5)
FN:28,(anonymous_6)
FN:36,(anonymous_7)
FN:39,(anonymous_8)
FN:47,(anonymous_9)
FN:50,(anonymous_10)
FN:58,(anonymous_11)
FN:61,(anonymous_12)
FN:69,(anonymous_13)
FN:79,(anonymous_14)
FN:87,(anonymous_15)
FN:90,(anonymous_16)
FNF:17
FNH:15
FNDA:20,(anonymous_0)
FNDA:20,(anonymous_1)
FNDA:20,(anonymous_2)
FNDA:2,(anonymous_3)
FNDA:2,(anonymous_4)
FNDA:2,(anonymous_5)
FNDA:2,(anonymous_6)
FNDA:2,(anonymous_7)
FNDA:2,(anonymous_8)
FNDA:2,(anonymous_9)
FNDA:2,(anonymous_10)
FNDA:2,(anonymous_11)
FNDA:2,(anonymous_12)
FNDA:3,(anonymous_13)
FNDA:2,(anonymous_14)
FNDA:0,(anonymous_15)
FNDA:0,(anonymous_16)
DA:1,2
DA:2,2
DA:3,2
DA:4,20
DA:6,20
DA:9,20
DA:10,20
DA:11,17
DA:16,2
DA:17,2
DA:19,2
DA:20,2
DA:21,1
DA:25,2
DA:26,2
DA:28,2
DA:29,2
DA:30,1
DA:32,1
DA:36,2
DA:37,2
DA:39,2
DA:40,2
DA:41,1
DA:43,1
DA:47,2
DA:48,2
DA:50,2
DA:51,2
DA:52,1
DA:54,1
DA:58,2
DA:59,2
DA:61,2
DA:62,2
DA:63,1
DA:65,1
DA:69,2
DA:70,3
DA:71,3
DA:72,3
DA:73,3
DA:75,3
DA:76,1
DA:79,2
DA:80,2
DA:81,1
DA:83,1
DA:87,2
DA:88,0
DA:90,0
DA:91,0
DA:92,0
DA:93,0
DA:94,0
DA:98,2
LF:56
LH:50
BRDA:10,0,0,3
BRDA:10,0,1,17
BRDA:20,1,0,1
BRDA:20,1,1,1
BRDA:20,2,0,2
BRDA:20,2,1,2
BRDA:29,3,0,1
BRDA:29,3,1,1
BRDA:29,4,0,2
BRDA:29,4,1,2
BRDA:40,5,0,1
BRDA:40,5,1,1
BRDA:40,6,0,2
BRDA:40,6,1,2
BRDA:51,7,0,1
BRDA:51,7,1,1
BRDA:51,8,0,2
BRDA:51,8,1,2
BRDA:62,9,0,1
BRDA:62,9,1,1
BRDA:62,10,0,2
BRDA:62,10,1,2
BRDA:75,11,0,1
BRDA:75,11,1,2
BRDA:80,12,0,1
BRDA:80,12,1,1
BRDA:80,13,0,2
BRDA:80,13,1,2
BRDA:91,14,0,0
BRDA:91,14,1,0
BRDA:91,15,0,0
BRDA:91,15,1,0
BRF:32
BRH:28
end_of_record
TN:
SF:controllers\offererlogin.js
FN:4,(anonymous_0)
FN:9,(anonymous_1)
FNF:2
FNH:2
FNDA:2,(anonymous_0)
FNDA:2,(anonymous_1)
DA:1,2
DA:2,2
DA:4,2
DA:6,2
DA:7,2
DA:9,2
DA:10,2
DA:11,1
DA:13,1
DA:17,1
DA:20,1
DA:22,1
DA:31,2
LF:13
LH:13
BRDA:10,0,0,1
BRDA:10,0,1,1
BRF:2
BRH:2
end_of_record
TN:
SF:controllers\offererregistration.js
FN:3,(anonymous_0)
FN:9,(anonymous_1)
FN:34,(anonymous_2)
FN:46,(anonymous_3)
FNF:4
FNH:4
FNDA:18,(anonymous_0)
FNDA:21,(anonymous_1)
FNDA:17,(anonymous_2)
FNDA:17,(anonymous_3)
DA:1,2
DA:3,2
DA:4,18
DA:5,18
DA:6,1
DA:9,2
DA:10,21
DA:11,21
DA:12,21
DA:13,21
DA:14,21
DA:15,21
DA:16,21
DA:17,21
DA:18,21
DA:20,21
DA:21,1
DA:23,20
DA:24,1
DA:26,19
DA:27,1
DA:30,18
DA:31,1
DA:34,17
DA:35,17
DA:36,17
DA:46,17
DA:47,17
DA:48,17
DA:51,0
DA:52,0
DA:57,2
LF:32
LH:30
BRDA:5,0,0,17
BRDA:5,0,1,1
BRDA:20,1,0,1
BRDA:20,1,1,20
BRDA:23,2,0,1
BRDA:23,2,1,19
BRDA:26,3,0,1
BRDA:26,3,1,18
BRDA:30,4,0,1
BRDA:30,4,1,17
BRDA:35,5,0,17
BRDA:35,5,1,0
BRDA:47,6,0,0
BRDA:47,6,1,17
BRDA:51,7,0,0
BRDA:51,7,1,0
BRF:16
BRH:12
end_of_record
TN:
SF:controllers\referenceofferer.js
FN:2,(anonymous_0)
FN:3,(anonymous_1)
FN:10,(anonymous_2)
FN:11,(anonymous_3)
FN:19,(anonymous_4)
FN:31,(anonymous_5)
FN:32,(anonymous_6)
FN:39,(anonymous_7)
FN:43,(anonymous_8)
FN:50,(anonymous_9)
FN:54,(anonymous_10)
FNF:11
FNH:0
FNDA:0,(anonymous_0)
FNDA:0,(anonymous_1)
FNDA:0,(anonymous_2)
FNDA:0,(anonymous_3)
FNDA:0,(anonymous_4)
FNDA:0,(anonymous_5)
FNDA:0,(anonymous_6)
FNDA:0,(anonymous_7)
FNDA:0,(anonymous_8)
FNDA:0,(anonymous_9)
FNDA:0,(anonymous_10)
DA:1,2
DA:2,2
DA:3,0
DA:4,0
DA:5,0
DA:10,2
DA:11,0
DA:12,0
DA:13,0
DA:19,0
DA:20,0
DA:21,0
DA:24,0
DA:25,0
DA:31,2
DA:32,0
DA:33,0
DA:34,0
DA:39,2
DA:40,0
DA:41,0
DA:43,0
DA:44,0
DA:45,0
DA:50,2
DA:51,0
DA:52,0
DA:54,0
DA:55,0
DA:56,0
DA:60,2
LF:31
LH:7
BRDA:4,0,0,0
BRDA:4,0,1,0
BRDA:12,1,0,0
BRDA:12,1,1,0
BRDA:20,2,0,0
BRDA:20,2,1,0
BRDA:24,3,0,0
BRDA:24,3,1,0
BRDA:33,4,0,0
BRDA:33,4,1,0
BRDA:44,5,0,0
BRDA:44,5,1,0
BRDA:44,6,0,0
BRDA:44,6,1,0
BRDA:55,7,0,0
BRDA:55,7,1,0
BRDA:55,8,0,0
BRDA:55,8,1,0
BRF:18
BRH:0
end_of_record
TN:
SF:controllers\referencestudent.js
FN:2,(anonymous_0)
FN:3,(anonymous_1)
FN:10,(anonymous_2)
FN:11,(anonymous_3)
FN:19,(anonymous_4)
FN:31,(anonymous_5)
FN:32,(anonymous_6)
FN:39,(anonymous_7)
FN:43,(anonymous_8)
FN:50,(anonymous_9)
FN:54,(anonymous_10)
FNF:11
FNH:0
FNDA:0,(anonymous_0)
FNDA:0,(anonymous_1)
FNDA:0,(anonymous_2)
FNDA:0,(anonymous_3)
FNDA:0,(anonymous_4)
FNDA:0,(anonymous_5)
FNDA:0,(anonymous_6)
FNDA:0,(anonymous_7)
FNDA:0,(anonymous_8)
FNDA:0,(anonymous_9)
FNDA:0,(anonymous_10)
DA:1,2
DA:2,2
DA:3,0
DA:4,0
DA:5,0
DA:10,2
DA:11,0
DA:12,0
DA:13,0
DA:19,0
DA:20,0
DA:21,0
DA:24,0
DA:25,0
DA:31,2
DA:32,0
DA:33,0
DA:34,0
DA:39,2
DA:40,0
DA:41,0
DA:43,0
DA:44,0
DA:45,0
DA:50,2
DA:51,0
DA:52,0
DA:54,0
DA:55,0
DA:56,0
DA:60,2
LF:31
LH:7
BRDA:4,0,0,0
BRDA:4,0,1,0
BRDA:12,1,0,0
BRDA:12,1,1,0
BRDA:20,2,0,0
BRDA:20,2,1,0
BRDA:24,3,0,0
BRDA:24,3,1,0
BRDA:33,4,0,0
BRDA:33,4,1,0
BRDA:44,5,0,0
BRDA:44,5,1,0
BRDA:44,6,0,0
BRDA:44,6,1,0
BRDA:55,7,0,0
BRDA:55,7,1,0
BRDA:55,8,0,0
BRDA:55,8,1,0
BRF:18
BRH:0
end_of_record
TN:
SF:controllers\student.js
FN:4,(anonymous_0)
FN:5,(anonymous_1)
FN:12,(anonymous_2)
FN:13,(anonymous_3)
FN:29,(anonymous_4)
FN:41,(anonymous_5)
FN:42,(anonymous_6)
FN:49,(anonymous_7)
FN:52,(anonymous_8)
FN:59,(anonymous_9)
FN:62,(anonymous_10)
FN:69,(anonymous_11)
FN:72,(anonymous_12)
FN:80,(anonymous_13)
FN:83,(anonymous_14)
FN:91,(anonymous_15)
FN:94,(anonymous_16)
FN:102,(anonymous_17)
FN:105,(anonymous_18)
FN:111,(anonymous_19)
FN:114,(anonymous_20)
FN:120,(anonymous_21)
FN:123,(anonymous_22)
FN:131,(anonymous_23)
FN:134,(anonymous_24)
FNF:25
FNH:0
FNDA:0,(anonymous_0)
FNDA:0,(anonymous_1)
FNDA:0,(anonymous_2)
FNDA:0,(anonymous_3)
FNDA:0,(anonymous_4)
FNDA:0,(anonymous_5)
FNDA:0,(anonymous_6)
FNDA:0,(anonymous_7)
FNDA:0,(anonymous_8)
FNDA:0,(anonymous_9)
FNDA:0,(anonymous_10)
FNDA:0,(anonymous_11)
FNDA:0,(anonymous_12)
FNDA:0,(anonymous_13)
FNDA:0,(anonymous_14)
FNDA:0,(anonymous_15)
FNDA:0,(anonymous_16)
FNDA:0,(anonymous_17)
FNDA:0,(anonymous_18)
FNDA:0,(anonymous_19)
FNDA:0,(anonymous_20)
FNDA:0,(anonymous_21)
FNDA:0,(anonymous_22)
FNDA:0,(anonymous_23)
FNDA:0,(anonymous_24)
DA:1,2
DA:2,2
DA:3,2
DA:4,2
DA:5,0
DA:6,0
DA:7,0
DA:12,2
DA:13,0
DA:14,0
DA:15,0
DA:29,0
DA:30,0
DA:31,0
DA:34,0
DA:35,0
DA:41,2
DA:42,0
DA:43,0
DA:44,0
DA:49,2
DA:50,0
DA:52,0
DA:53,0
DA:54,0
DA:59,2
DA:60,0
DA:62,0
DA:63,0
DA:64,0
DA:69,2
DA:70,0
DA:72,0
DA:73,0
DA:74,0
DA:76,0
DA:80,2
DA:81,0
DA:83,0
DA:84,0
DA:85,0
DA:87,0
DA:91,2
DA:92,0
DA:94,0
DA:95,0
DA:96,0
DA:98,0
DA:102,2
DA:103,0
DA:105,0
DA:106,0
DA:107,0
DA:111,2
DA:112,0
DA:114,0
DA:115,0
DA:116,0
DA:120,2
DA:121,0
DA:123,0
DA:124,0
DA:125,0
DA:127,0
DA:131,2
DA:132,0
DA:134,0
DA:135,0
DA:136,0
DA:138,0
DA:142,2
LF:71
LH:16
BRDA:6,0,0,0
BRDA:6,0,1,0
BRDA:14,1,0,0
BRDA:14,1,1,0
BRDA:30,2,0,0
BRDA:30,2,1,0
BRDA:34,3,0,0
BRDA:34,3,1,0
BRDA:43,4,0,0
BRDA:43,4,1,0
BRDA:53,5,0,0
BRDA:53,5,1,0
BRDA:53,6,0,0
BRDA:53,6,1,0
BRDA:63,7,0,0
BRDA:63,7,1,0
BRDA:63,8,0,0
BRDA:63,8,1,0
BRDA:73,9,0,0
BRDA:73,9,1,0
BRDA:84,10,0,0
BRDA:84,10,1,0
BRDA:95,11,0,0
BRDA:95,11,1,0
BRDA:106,12,0,0
BRDA:106,12,1,0
BRDA:115,13,0,0
BRDA:115,13,1,0
BRDA:124,14,0,0
BRDA:124,14,1,0
BRDA:135,15,0,0
BRDA:135,15,1,0
BRF:32
BRH:0
end_of_record
TN:
SF:models\announcement.js
FNF:0
FNH:0
DA:1,2
DA:3,2
DA:36,2
DA:37,2
LF:4
LH:4
BRF:0
BRH:0
end_of_record
TN:
SF:models\availability.js
FNF:0
FNH:0
DA:1,2
DA:3,2
DA:24,2
DA:25,2
LF:4
LH:4
BRF:0
BRH:0
end_of_record
TN:
SF:models\offerer.js
FNF:0
FNH:0
DA:1,2
DA:3,2
DA:15,2
DA:16,2
LF:4
LH:4
BRF:0
BRH:0
end_of_record
TN:
SF:models\referenceofferer.js
FNF:0
FNH:0
DA:1,2
DA:3,2
DA:10,2
DA:11,2
LF:4
LH:4
BRF:0
BRH:0
end_of_record
TN:
SF:models\referencestudent.js
FNF:0
FNH:0
DA:1,2
DA:3,2
DA:10,2
DA:11,2
LF:4
LH:4
BRF:0
BRH:0
end_of_record
TN:
SF:models\student.js
FNF:0
FNH:0
DA:1,2
DA:3,2
DA:25,2
DA:26,2
LF:4
LH:4
BRF:0
BRH:0
end_of_record
TN:
SF:routes\routes.js
FNF:0
FNH:0
DA:1,2
DA:2,2
DA:3,2
DA:4,2
DA:5,2
DA:6,2
DA:7,2
DA:8,2
DA:9,2
DA:10,2
DA:12,2
DA:13,2
DA:16,2
DA:17,2
DA:18,2
DA:19,2
DA:20,2
DA:21,2
DA:22,2
DA:23,2
DA:24,2
DA:25,2
DA:26,2
DA:27,2
DA:31,2
DA:33,2
DA:35,2
DA:37,2
DA:39,2
DA:41,2
DA:43,2
DA:45,2
DA:47,2
DA:49,2
DA:53,2
DA:55,2
DA:57,2
DA:59,2
DA:60,2
DA:61,2
DA:64,2
DA:65,2
DA:66,2
DA:67,2
DA:68,2
DA:71,2
DA:72,2
DA:73,2
DA:74,2
DA:75,2
DA:78,2
DA:79,2
DA:80,2
DA:81,2
DA:82,2
DA:83,2
DA:84,2
DA:85,2
DA:86,2
DA:87,2
DA:89,2
LF:61
LH:61
BRF:0
BRH:0
end_of_record
